{"/Users/Ify/Developer/ReactTests/Personal-Website/client/src/config.js": {"path":"/Users/Ify/Developer/ReactTests/Personal-Website/client/src/config.js","statementMap":{"0":{"start":{"line":1,"column":25},"end":{"line":1,"column":48}}},"fnMap":{},"branchMap":{},"s":{"0":1},"f":{},"b":{},"_coverageSchema":"332fd63041d2c1bcb487cc26dd0d5f7d97098a6c","hash":"05fda6d7362402bd798518a51764f2c892103b97"}
,"/Users/Ify/Developer/ReactTests/Personal-Website/client/src/index.js": {"path":"/Users/Ify/Developer/ReactTests/Personal-Website/client/src/index.js","statementMap":{"0":{"start":{"line":1,"column":32},"end":{"line":1,"column":102}},"1":{"start":{"line":5,"column":13},"end":{"line":5,"column":29}},"2":{"start":{"line":5,"column":44},"end":{"line":5,"column":74}},"3":{"start":{"line":5,"column":91},"end":{"line":5,"column":111}},"4":{"start":{"line":5,"column":129},"end":{"line":5,"column":162}},"5":{"start":{"line":5,"column":174},"end":{"line":5,"column":202}},"6":{"start":{"line":5,"column":215},"end":{"line":5,"column":243}},"7":{"start":{"line":5,"column":273},"end":{"line":5,"column":307}},"8":{"start":{"line":5,"column":338},"end":{"line":5,"column":384}},"9":{"start":{"line":6,"column":13},"end":{"line":6,"column":31}},"10":{"start":{"line":6,"column":46},"end":{"line":6,"column":76}},"11":{"start":{"line":7,"column":18},"end":{"line":7,"column":40}},"12":{"start":{"line":8,"column":0},"end":{"line":8,"column":34}},"13":{"start":{"line":8,"column":72},"end":{"line":8,"column":126}},"14":{"start":{"line":10,"column":0},"end":{"line":12,"column":33}},"15":{"start":{"line":13,"column":0},"end":{"line":13,"column":39}}},"fnMap":{"0":{"name":"_interopRequireDefault","decl":{"start":{"line":8,"column":43},"end":{"line":8,"column":65}},"loc":{"start":{"line":8,"column":71},"end":{"line":8,"column":127}},"line":8}},"branchMap":{"0":{"loc":{"start":{"line":8,"column":79},"end":{"line":8,"column":125}},"type":"cond-expr","locations":[{"start":{"line":8,"column":103},"end":{"line":8,"column":106}},{"start":{"line":8,"column":109},"end":{"line":8,"column":125}}],"line":8},"1":{"loc":{"start":{"line":8,"column":79},"end":{"line":8,"column":100}},"type":"binary-expr","locations":[{"start":{"line":8,"column":79},"end":{"line":8,"column":82}},{"start":{"line":8,"column":86},"end":{"line":8,"column":100}}],"line":8}},"s":{"0":0,"1":0,"2":0,"3":0,"4":0,"5":0,"6":0,"7":0,"8":0,"9":0,"10":0,"11":0,"12":0,"13":0,"14":0,"15":0},"f":{"0":0},"b":{"0":[0,0],"1":[0,0]}}
,"/Users/Ify/Developer/ReactTests/Personal-Website/client/src/registerServiceWorker.js": {"path":"/Users/Ify/Developer/ReactTests/Personal-Website/client/src/registerServiceWorker.js","statementMap":{"0":{"start":{"line":1,"column":13},"end":{"line":1,"column":75}},"1":{"start":{"line":1,"column":75},"end":{"line":21,"column":9}},"2":{"start":{"line":21,"column":9},"end":{"line":111,"column":24}},"3":{"start":{"line":118,"column":20},"end":{"line":120,"column":89}},"4":{"start":{"line":120,"column":111},"end":{"line":128,"column":36}},"5":{"start":{"line":121,"column":22},"end":{"line":121,"column":70}},"6":{"start":{"line":121,"column":71},"end":{"line":124,"column":14}},"7":{"start":{"line":124,"column":6},"end":{"line":124,"column":13}},"8":{"start":{"line":124,"column":14},"end":{"line":128,"column":35}},"9":{"start":{"line":124,"column":67},"end":{"line":124,"column":112}},"10":{"start":{"line":124,"column":113},"end":{"line":128,"column":32}},"11":{"start":{"line":125,"column":8},"end":{"line":125,"column":39}},"12":{"start":{"line":127,"column":8},"end":{"line":127,"column":178}},"13":{"start":{"line":127,"column":50},"end":{"line":127,"column":175}},"14":{"start":{"line":128,"column":8},"end":{"line":128,"column":31}},"15":{"start":{"line":128,"column":70},"end":{"line":135,"column":156}},"16":{"start":{"line":128,"column":132},"end":{"line":135,"column":68}},"17":{"start":{"line":128,"column":193},"end":{"line":128,"column":216}},"18":{"start":{"line":128,"column":217},"end":{"line":135,"column":66}},"19":{"start":{"line":128,"column":257},"end":{"line":135,"column":64}},"20":{"start":{"line":128,"column":302},"end":{"line":135,"column":63}},"21":{"start":{"line":132,"column":12},"end":{"line":132,"column":69}},"22":{"start":{"line":135,"column":12},"end":{"line":135,"column":62}},"23":{"start":{"line":135,"column":87},"end":{"line":135,"column":153}},"24":{"start":{"line":136,"column":2},"end":{"line":139,"column":126}},"25":{"start":{"line":137,"column":4},"end":{"line":139,"column":30}},"26":{"start":{"line":138,"column":6},"end":{"line":138,"column":127}},"27":{"start":{"line":138,"column":58},"end":{"line":138,"column":124}},"28":{"start":{"line":138,"column":96},"end":{"line":138,"column":121}},"29":{"start":{"line":139,"column":6},"end":{"line":139,"column":29}},"30":{"start":{"line":139,"column":46},"end":{"line":139,"column":123}},"31":{"start":{"line":139,"column":150},"end":{"line":139,"column":267}},"32":{"start":{"line":139,"column":185},"end":{"line":139,"column":266}},"33":{"start":{"line":139,"column":237},"end":{"line":139,"column":263}}},"fnMap":{"0":{"name":"register","decl":{"start":{"line":120,"column":99},"end":{"line":120,"column":107}},"loc":{"start":{"line":120,"column":110},"end":{"line":128,"column":37}},"line":120},"1":{"name":"(anonymous_1)","decl":{"start":{"line":124,"column":46},"end":{"line":124,"column":47}},"loc":{"start":{"line":124,"column":52},"end":{"line":128,"column":33}},"line":124},"2":{"name":"(anonymous_2)","decl":{"start":{"line":127,"column":43},"end":{"line":127,"column":44}},"loc":{"start":{"line":127,"column":49},"end":{"line":127,"column":176}},"line":127},"3":{"name":"registerValidSW","decl":{"start":{"line":128,"column":46},"end":{"line":128,"column":61}},"loc":{"start":{"line":128,"column":69},"end":{"line":135,"column":157}},"line":128},"4":{"name":"(anonymous_4)","decl":{"start":{"line":128,"column":115},"end":{"line":128,"column":116}},"loc":{"start":{"line":128,"column":131},"end":{"line":135,"column":69}},"line":128},"5":{"name":"(anonymous_5)","decl":{"start":{"line":128,"column":161},"end":{"line":128,"column":162}},"loc":{"start":{"line":128,"column":167},"end":{"line":135,"column":67}},"line":128},"6":{"name":"(anonymous_6)","decl":{"start":{"line":128,"column":250},"end":{"line":128,"column":251}},"loc":{"start":{"line":128,"column":256},"end":{"line":135,"column":65}},"line":128},"7":{"name":"(anonymous_7)","decl":{"start":{"line":135,"column":77},"end":{"line":135,"column":78}},"loc":{"start":{"line":135,"column":86},"end":{"line":135,"column":154}},"line":135},"8":{"name":"checkValidServiceWorker","decl":{"start":{"line":135,"column":166},"end":{"line":135,"column":189}},"loc":{"start":{"line":135,"column":197},"end":{"line":139,"column":127}},"line":135},"9":{"name":"(anonymous_9)","decl":{"start":{"line":136,"column":20},"end":{"line":136,"column":21}},"loc":{"start":{"line":136,"column":32},"end":{"line":139,"column":31}},"line":136},"10":{"name":"(anonymous_10)","decl":{"start":{"line":138,"column":41},"end":{"line":138,"column":42}},"loc":{"start":{"line":138,"column":57},"end":{"line":138,"column":125}},"line":138},"11":{"name":"(anonymous_11)","decl":{"start":{"line":138,"column":89},"end":{"line":138,"column":90}},"loc":{"start":{"line":138,"column":95},"end":{"line":138,"column":122}},"line":138},"12":{"name":"(anonymous_12)","decl":{"start":{"line":139,"column":39},"end":{"line":139,"column":40}},"loc":{"start":{"line":139,"column":45},"end":{"line":139,"column":124}},"line":139},"13":{"name":"unregister","decl":{"start":{"line":139,"column":136},"end":{"line":139,"column":146}},"loc":{"start":{"line":139,"column":149},"end":{"line":139,"column":268}},"line":139},"14":{"name":"(anonymous_14)","decl":{"start":{"line":139,"column":220},"end":{"line":139,"column":221}},"loc":{"start":{"line":139,"column":236},"end":{"line":139,"column":264}},"line":139}},"branchMap":{"0":{"loc":{"start":{"line":118,"column":28},"end":{"line":120,"column":88}},"type":"binary-expr","locations":[{"start":{"line":118,"column":28},"end":{"line":118,"column":68}},{"start":{"line":119,"column":0},"end":{"line":119,"column":36}},{"start":{"line":120,"column":0},"end":{"line":120,"column":88}}],"line":118},"1":{"loc":{"start":{"line":120,"column":111},"end":{"line":128,"column":36}},"type":"if","locations":[{"start":{"line":120,"column":111},"end":{"line":128,"column":36}},{"start":{"line":120,"column":111},"end":{"line":128,"column":36}}],"line":120},"2":{"loc":{"start":{"line":120,"column":115},"end":{"line":120,"column":184}},"type":"binary-expr","locations":[{"start":{"line":120,"column":115},"end":{"line":120,"column":152}},{"start":{"line":120,"column":156},"end":{"line":120,"column":184}}],"line":120},"3":{"loc":{"start":{"line":121,"column":71},"end":{"line":124,"column":14}},"type":"if","locations":[{"start":{"line":121,"column":71},"end":{"line":124,"column":14}},{"start":{"line":121,"column":71},"end":{"line":124,"column":14}}],"line":121},"4":{"loc":{"start":{"line":124,"column":113},"end":{"line":128,"column":32}},"type":"if","locations":[{"start":{"line":124,"column":113},"end":{"line":128,"column":32}},{"start":{"line":124,"column":113},"end":{"line":128,"column":32}}],"line":124},"5":{"loc":{"start":{"line":128,"column":257},"end":{"line":135,"column":64}},"type":"if","locations":[{"start":{"line":128,"column":257},"end":{"line":135,"column":64}},{"start":{"line":128,"column":257},"end":{"line":135,"column":64}}],"line":128},"6":{"loc":{"start":{"line":128,"column":302},"end":{"line":135,"column":63}},"type":"if","locations":[{"start":{"line":128,"column":302},"end":{"line":135,"column":63}},{"start":{"line":128,"column":302},"end":{"line":135,"column":63}}],"line":128},"7":{"loc":{"start":{"line":137,"column":4},"end":{"line":139,"column":30}},"type":"if","locations":[{"start":{"line":137,"column":4},"end":{"line":139,"column":30}},{"start":{"line":137,"column":4},"end":{"line":139,"column":30}}],"line":137},"8":{"loc":{"start":{"line":137,"column":8},"end":{"line":137,"column":100}},"type":"binary-expr","locations":[{"start":{"line":137,"column":8},"end":{"line":137,"column":31}},{"start":{"line":137,"column":35},"end":{"line":137,"column":100}}],"line":137},"9":{"loc":{"start":{"line":139,"column":150},"end":{"line":139,"column":267}},"type":"if","locations":[{"start":{"line":139,"column":150},"end":{"line":139,"column":267}},{"start":{"line":139,"column":150},"end":{"line":139,"column":267}}],"line":139}},"s":{"0":0,"1":0,"2":0,"3":0,"4":0,"5":0,"6":0,"7":0,"8":0,"9":0,"10":0,"11":0,"12":0,"13":0,"14":0,"15":0,"16":0,"17":0,"18":0,"19":0,"20":0,"21":0,"22":0,"23":0,"24":0,"25":0,"26":0,"27":0,"28":0,"29":0,"30":0,"31":0,"32":0,"33":0},"f":{"0":0,"1":0,"2":0,"3":0,"4":0,"5":0,"6":0,"7":0,"8":0,"9":0,"10":0,"11":0,"12":0,"13":0,"14":0},"b":{"0":[0,0,0],"1":[0,0],"2":[0,0],"3":[0,0],"4":[0,0],"5":[0,0],"6":[0,0],"7":[0,0],"8":[0,0],"9":[0,0]}}
,"/Users/Ify/Developer/ReactTests/Personal-Website/client/src/routes.js": {"path":"/Users/Ify/Developer/ReactTests/Personal-Website/client/src/routes.js","statementMap":{"0":{"start":{"line":1,"column":13},"end":{"line":1,"column":75}},"1":{"start":{"line":1,"column":94},"end":{"line":1,"column":165}},"2":{"start":{"line":5,"column":13},"end":{"line":5,"column":29}},"3":{"start":{"line":5,"column":44},"end":{"line":5,"column":74}},"4":{"start":{"line":5,"column":97},"end":{"line":5,"column":124}},"5":{"start":{"line":5,"column":136},"end":{"line":5,"column":164}},"6":{"start":{"line":5,"column":177},"end":{"line":5,"column":205}},"7":{"start":{"line":5,"column":244},"end":{"line":5,"column":298}},"8":{"start":{"line":5,"column":299},"end":{"line":10,"column":186}}},"fnMap":{"0":{"name":"_interopRequireDefault","decl":{"start":{"line":5,"column":215},"end":{"line":5,"column":237}},"loc":{"start":{"line":5,"column":243},"end":{"line":5,"column":299}},"line":5}},"branchMap":{"0":{"loc":{"start":{"line":5,"column":251},"end":{"line":5,"column":297}},"type":"cond-expr","locations":[{"start":{"line":5,"column":275},"end":{"line":5,"column":278}},{"start":{"line":5,"column":281},"end":{"line":5,"column":297}}],"line":5},"1":{"loc":{"start":{"line":5,"column":251},"end":{"line":5,"column":272}},"type":"binary-expr","locations":[{"start":{"line":5,"column":251},"end":{"line":5,"column":254}},{"start":{"line":5,"column":258},"end":{"line":5,"column":272}}],"line":5}},"s":{"0":0,"1":0,"2":0,"3":0,"4":0,"5":0,"6":0,"7":0,"8":0},"f":{"0":0},"b":{"0":[0,0],"1":[0,0]}}
,"/Users/Ify/Developer/ReactTests/Personal-Website/client/src/store.js": {"path":"/Users/Ify/Developer/ReactTests/Personal-Website/client/src/store.js","statementMap":{"0":{"start":{"line":15,"column":15},"end":{"line":17,"column":2}},"1":{"start":{"line":21,"column":19},"end":{"line":21,"column":42}},"2":{"start":{"line":23,"column":17},"end":{"line":28,"column":2}},"3":{"start":{"line":32,"column":25},"end":{"line":32,"column":79}},"4":{"start":{"line":33,"column":14},"end":{"line":33,"column":65}}},"fnMap":{},"branchMap":{"0":{"loc":{"start":{"line":32,"column":25},"end":{"line":32,"column":79}},"type":"binary-expr","locations":[{"start":{"line":32,"column":25},"end":{"line":32,"column":68}},{"start":{"line":32,"column":72},"end":{"line":32,"column":79}}],"line":32}},"s":{"0":1,"1":1,"2":1,"3":1,"4":1},"f":{},"b":{"0":[1,1]},"_coverageSchema":"332fd63041d2c1bcb487cc26dd0d5f7d97098a6c","hash":"4dd928363bba510f585f76f7c27a1db169dc1365"}
,"/Users/Ify/Developer/ReactTests/Personal-Website/client/src/containers/body/body.actions.js": {"path":"/Users/Ify/Developer/ReactTests/Personal-Website/client/src/containers/body/body.actions.js","statementMap":{"0":{"start":{"line":1,"column":13},"end":{"line":1,"column":75}},"1":{"start":{"line":2,"column":22},"end":{"line":7,"column":1}},"2":{"start":{"line":3,"column":4},"end":{"line":5,"column":27}},"3":{"start":{"line":8,"column":18},"end":{"line":13,"column":1}},"4":{"start":{"line":9,"column":4},"end":{"line":11,"column":27}},"5":{"start":{"line":14,"column":25},"end":{"line":19,"column":1}},"6":{"start":{"line":15,"column":4},"end":{"line":17,"column":25}},"7":{"start":{"line":20,"column":29},"end":{"line":25,"column":1}},"8":{"start":{"line":21,"column":4},"end":{"line":23,"column":26}}},"fnMap":{"0":{"name":"(anonymous_0)","decl":{"start":{"line":2,"column":46},"end":{"line":2,"column":47}},"loc":{"start":{"line":2,"column":57},"end":{"line":7,"column":1}},"line":2},"1":{"name":"(anonymous_1)","decl":{"start":{"line":8,"column":38},"end":{"line":8,"column":39}},"loc":{"start":{"line":8,"column":49},"end":{"line":13,"column":1}},"line":8},"2":{"name":"(anonymous_2)","decl":{"start":{"line":14,"column":52},"end":{"line":14,"column":53}},"loc":{"start":{"line":14,"column":61},"end":{"line":19,"column":1}},"line":14},"3":{"name":"(anonymous_3)","decl":{"start":{"line":20,"column":60},"end":{"line":20,"column":61}},"loc":{"start":{"line":20,"column":70},"end":{"line":25,"column":1}},"line":20}},"branchMap":{},"s":{"0":0,"1":0,"2":0,"3":0,"4":0,"5":0,"6":0,"7":0,"8":0},"f":{"0":0,"1":0,"2":0,"3":0},"b":{}}
,"/Users/Ify/Developer/ReactTests/Personal-Website/client/src/containers/body/body.component.js": {"path":"/Users/Ify/Developer/ReactTests/Personal-Website/client/src/containers/body/body.component.js","statementMap":{"0":{"start":{"line":1,"column":13},"end":{"line":1,"column":75}},"1":{"start":{"line":1,"column":94},"end":{"line":1,"column":189}},"2":{"start":{"line":24,"column":13},"end":{"line":24,"column":29}},"3":{"start":{"line":24,"column":44},"end":{"line":24,"column":74}},"4":{"start":{"line":24,"column":94},"end":{"line":24,"column":117}},"5":{"start":{"line":24,"column":134},"end":{"line":24,"column":154}},"6":{"start":{"line":24,"column":171},"end":{"line":24,"column":207}},"7":{"start":{"line":24,"column":225},"end":{"line":24,"column":258}},"8":{"start":{"line":24,"column":272},"end":{"line":24,"column":305}},"9":{"start":{"line":24,"column":320},"end":{"line":24,"column":350}},"10":{"start":{"line":24,"column":364},"end":{"line":24,"column":397}},"11":{"start":{"line":24,"column":412},"end":{"line":24,"column":442}},"12":{"start":{"line":24,"column":455},"end":{"line":24,"column":487}},"13":{"start":{"line":24,"column":501},"end":{"line":24,"column":530}},"14":{"start":{"line":24,"column":545},"end":{"line":24,"column":579}},"15":{"start":{"line":24,"column":595},"end":{"line":24,"column":626}},"16":{"start":{"line":24,"column":645},"end":{"line":24,"column":683}},"17":{"start":{"line":24,"column":703},"end":{"line":24,"column":738}},"18":{"start":{"line":24,"column":749},"end":{"line":24,"column":785}},"19":{"start":{"line":24,"column":797},"end":{"line":24,"column":824}},"20":{"start":{"line":24,"column":843},"end":{"line":24,"column":881}},"21":{"start":{"line":24,"column":901},"end":{"line":24,"column":936}},"22":{"start":{"line":24,"column":952},"end":{"line":24,"column":990}},"23":{"start":{"line":24,"column":1007},"end":{"line":24,"column":1039}},"24":{"start":{"line":24,"column":1060},"end":{"line":24,"column":1099}},"25":{"start":{"line":24,"column":1121},"end":{"line":24,"column":1158}},"26":{"start":{"line":24,"column":1173},"end":{"line":24,"column":1192}},"27":{"start":{"line":24,"column":1211},"end":{"line":24,"column":1243}},"28":{"start":{"line":24,"column":1277},"end":{"line":24,"column":1315}},"29":{"start":{"line":24,"column":1350},"end":{"line":24,"column":1400}},"30":{"start":{"line":24,"column":1414},"end":{"line":24,"column":1436}},"31":{"start":{"line":24,"column":1451},"end":{"line":24,"column":1481}},"32":{"start":{"line":25,"column":18},"end":{"line":25,"column":40}},"33":{"start":{"line":26,"column":12},"end":{"line":26,"column":37}},"34":{"start":{"line":26,"column":76},"end":{"line":26,"column":130}},"35":{"start":{"line":30,"column":8},"end":{"line":30,"column":21}},"36":{"start":{"line":30,"column":21},"end":{"line":38,"column":37}},"37":{"start":{"line":38,"column":37},"end":{"line":56,"column":10}},"38":{"start":{"line":41,"column":26},"end":{"line":43,"column":32}},"39":{"start":{"line":45,"column":12},"end":{"line":47,"column":13}},"40":{"start":{"line":46,"column":16},"end":{"line":46,"column":72}},"41":{"start":{"line":48,"column":12},"end":{"line":55,"column":13}},"42":{"start":{"line":49,"column":16},"end":{"line":53,"column":17}},"43":{"start":{"line":50,"column":20},"end":{"line":50,"column":62}},"44":{"start":{"line":51,"column":23},"end":{"line":53,"column":17}},"45":{"start":{"line":52,"column":20},"end":{"line":52,"column":63}},"46":{"start":{"line":54,"column":16},"end":{"line":54,"column":78}},"47":{"start":{"line":56,"column":10},"end":{"line":60,"column":10}},"48":{"start":{"line":59,"column":12},"end":{"line":59,"column":66}},"49":{"start":{"line":60,"column":10},"end":{"line":67,"column":10}},"50":{"start":{"line":62,"column":12},"end":{"line":66,"column":15}},"51":{"start":{"line":67,"column":10},"end":{"line":70,"column":10}},"52":{"start":{"line":69,"column":12},"end":{"line":69,"column":67}},"53":{"start":{"line":70,"column":10},"end":{"line":70,"column":71}},"54":{"start":{"line":70,"column":71},"end":{"line":70,"column":118}},"55":{"start":{"line":70,"column":118},"end":{"line":70,"column":159}},"56":{"start":{"line":70,"column":159},"end":{"line":70,"column":212}},"57":{"start":{"line":85,"column":27},"end":{"line":85,"column":238}},"58":{"start":{"line":87,"column":20},"end":{"line":87,"column":89}},"59":{"start":{"line":88,"column":27},"end":{"line":88,"column":206}},"60":{"start":{"line":90,"column":21},"end":{"line":90,"column":84}},"61":{"start":{"line":91,"column":26},"end":{"line":91,"column":204}},"62":{"start":{"line":93,"column":32},"end":{"line":93,"column":200}},"63":{"start":{"line":95,"column":21},"end":{"line":95,"column":85}},"64":{"start":{"line":96,"column":24},"end":{"line":96,"column":200}},"65":{"start":{"line":98,"column":27},"end":{"line":98,"column":243}},"66":{"start":{"line":100,"column":29},"end":{"line":100,"column":288}},"67":{"start":{"line":102,"column":8},"end":{"line":131,"column":145}},"68":{"start":{"line":136,"column":0},"end":{"line":136,"column":23}},"69":{"start":{"line":137,"column":21},"end":{"line":142,"column":1}},"70":{"start":{"line":138,"column":4},"end":{"line":140,"column":53}},"71":{"start":{"line":142,"column":2},"end":{"line":143,"column":45}}},"fnMap":{"0":{"name":"_interopRequireDefault","decl":{"start":{"line":26,"column":47},"end":{"line":26,"column":69}},"loc":{"start":{"line":26,"column":75},"end":{"line":26,"column":131}},"line":26},"1":{"name":"(anonymous_1)","decl":{"start":{"line":29,"column":4},"end":{"line":29,"column":5}},"loc":{"start":{"line":29,"column":23},"end":{"line":70,"column":213}},"line":29},"2":{"name":"(anonymous_2)","decl":{"start":{"line":38,"column":28},"end":{"line":38,"column":29}},"loc":{"start":{"line":38,"column":34},"end":{"line":38,"column":36}},"line":38},"3":{"name":"(anonymous_3)","decl":{"start":{"line":40,"column":29},"end":{"line":40,"column":30}},"loc":{"start":{"line":40,"column":50},"end":{"line":56,"column":9}},"line":40},"4":{"name":"(anonymous_4)","decl":{"start":{"line":58,"column":22},"end":{"line":58,"column":23}},"loc":{"start":{"line":58,"column":27},"end":{"line":60,"column":9}},"line":58},"5":{"name":"(anonymous_5)","decl":{"start":{"line":61,"column":19},"end":{"line":61,"column":20}},"loc":{"start":{"line":61,"column":27},"end":{"line":67,"column":9}},"line":61},"6":{"name":"(anonymous_6)","decl":{"start":{"line":68,"column":25},"end":{"line":68,"column":26}},"loc":{"start":{"line":68,"column":30},"end":{"line":70,"column":9}},"line":68},"7":{"name":"(anonymous_7)","decl":{"start":{"line":71,"column":4},"end":{"line":71,"column":5}},"loc":{"start":{"line":71,"column":13},"end":{"line":134,"column":5}},"line":71},"8":{"name":"(anonymous_8)","decl":{"start":{"line":137,"column":21},"end":{"line":137,"column":22}},"loc":{"start":{"line":137,"column":30},"end":{"line":142,"column":1}},"line":137}},"branchMap":{"0":{"loc":{"start":{"line":26,"column":83},"end":{"line":26,"column":129}},"type":"cond-expr","locations":[{"start":{"line":26,"column":107},"end":{"line":26,"column":110}},{"start":{"line":26,"column":113},"end":{"line":26,"column":129}}],"line":26},"1":{"loc":{"start":{"line":26,"column":83},"end":{"line":26,"column":104}},"type":"binary-expr","locations":[{"start":{"line":26,"column":83},"end":{"line":26,"column":86}},{"start":{"line":26,"column":90},"end":{"line":26,"column":104}}],"line":26},"2":{"loc":{"start":{"line":45,"column":12},"end":{"line":47,"column":13}},"type":"if","locations":[{"start":{"line":45,"column":12},"end":{"line":47,"column":13}},{"start":{"line":45,"column":12},"end":{"line":47,"column":13}}],"line":45},"3":{"loc":{"start":{"line":48,"column":12},"end":{"line":55,"column":13}},"type":"if","locations":[{"start":{"line":48,"column":12},"end":{"line":55,"column":13}},{"start":{"line":48,"column":12},"end":{"line":55,"column":13}}],"line":48},"4":{"loc":{"start":{"line":49,"column":16},"end":{"line":53,"column":17}},"type":"if","locations":[{"start":{"line":49,"column":16},"end":{"line":53,"column":17}},{"start":{"line":49,"column":16},"end":{"line":53,"column":17}}],"line":49},"5":{"loc":{"start":{"line":49,"column":20},"end":{"line":49,"column":52}},"type":"binary-expr","locations":[{"start":{"line":49,"column":20},"end":{"line":49,"column":26}},{"start":{"line":49,"column":30},"end":{"line":49,"column":52}}],"line":49},"6":{"loc":{"start":{"line":51,"column":23},"end":{"line":53,"column":17}},"type":"if","locations":[{"start":{"line":51,"column":23},"end":{"line":53,"column":17}},{"start":{"line":51,"column":23},"end":{"line":53,"column":17}}],"line":51},"7":{"loc":{"start":{"line":51,"column":27},"end":{"line":51,"column":60}},"type":"binary-expr","locations":[{"start":{"line":51,"column":27},"end":{"line":51,"column":34}},{"start":{"line":51,"column":38},"end":{"line":51,"column":60}}],"line":51},"8":{"loc":{"start":{"line":62,"column":19},"end":{"line":66,"column":14}},"type":"cond-expr","locations":[{"start":{"line":63,"column":12},"end":{"line":65,"column":14}},{"start":{"line":66,"column":12},"end":{"line":66,"column":14}}],"line":62},"9":{"loc":{"start":{"line":63,"column":12},"end":{"line":65,"column":14}},"type":"cond-expr","locations":[{"start":{"line":64,"column":12},"end":{"line":64,"column":21}},{"start":{"line":65,"column":12},"end":{"line":65,"column":14}}],"line":63}},"s":{"0":0,"1":0,"2":0,"3":0,"4":0,"5":0,"6":0,"7":0,"8":0,"9":0,"10":0,"11":0,"12":0,"13":0,"14":0,"15":0,"16":0,"17":0,"18":0,"19":0,"20":0,"21":0,"22":0,"23":0,"24":0,"25":0,"26":0,"27":0,"28":0,"29":0,"30":0,"31":0,"32":0,"33":0,"34":0,"35":0,"36":0,"37":0,"38":0,"39":0,"40":0,"41":0,"42":0,"43":0,"44":0,"45":0,"46":0,"47":0,"48":0,"49":0,"50":0,"51":0,"52":0,"53":0,"54":0,"55":0,"56":0,"57":0,"58":0,"59":0,"60":0,"61":0,"62":0,"63":0,"64":0,"65":0,"66":0,"67":0,"68":0,"69":0,"70":0,"71":0},"f":{"0":0,"1":0,"2":0,"3":0,"4":0,"5":0,"6":0,"7":0,"8":0},"b":{"0":[0,0],"1":[0,0],"2":[0,0],"3":[0,0],"4":[0,0],"5":[0,0],"6":[0,0],"7":[0,0],"8":[0,0],"9":[0,0]}}
,"/Users/Ify/Developer/ReactTests/Personal-Website/client/src/containers/body/body.reducer.js": {"path":"/Users/Ify/Developer/ReactTests/Personal-Website/client/src/containers/body/body.reducer.js","statementMap":{"0":{"start":{"line":1,"column":21},"end":{"line":5,"column":1}},"1":{"start":{"line":8,"column":4},"end":{"line":27,"column":5}},"2":{"start":{"line":10,"column":12},"end":{"line":12,"column":14}},"3":{"start":{"line":14,"column":12},"end":{"line":16,"column":14}},"4":{"start":{"line":18,"column":12},"end":{"line":20,"column":14}},"5":{"start":{"line":22,"column":12},"end":{"line":24,"column":14}},"6":{"start":{"line":26,"column":12},"end":{"line":26,"column":24}}},"fnMap":{"0":{"name":"(anonymous_0)","decl":{"start":{"line":7,"column":15},"end":{"line":7,"column":16}},"loc":{"start":{"line":7,"column":49},"end":{"line":28,"column":1}},"line":7}},"branchMap":{"0":{"loc":{"start":{"line":7,"column":16},"end":{"line":7,"column":36}},"type":"default-arg","locations":[{"start":{"line":7,"column":24},"end":{"line":7,"column":36}}],"line":7},"1":{"loc":{"start":{"line":8,"column":4},"end":{"line":27,"column":5}},"type":"switch","locations":[{"start":{"line":9,"column":8},"end":{"line":12,"column":14}},{"start":{"line":13,"column":8},"end":{"line":16,"column":14}},{"start":{"line":17,"column":8},"end":{"line":20,"column":14}},{"start":{"line":21,"column":8},"end":{"line":24,"column":14}},{"start":{"line":25,"column":8},"end":{"line":26,"column":24}}],"line":8}},"s":{"0":1,"1":3,"2":0,"3":0,"4":0,"5":0,"6":3},"f":{"0":3},"b":{"0":[3],"1":[0,0,0,0,3]},"_coverageSchema":"332fd63041d2c1bcb487cc26dd0d5f7d97098a6c","hash":"14ce24d95228012fefe2c4713209775b1c2887da"}
,"/Users/Ify/Developer/ReactTests/Personal-Website/client/src/containers/body/models.js": {"path":"/Users/Ify/Developer/ReactTests/Personal-Website/client/src/containers/body/models.js","statementMap":{"0":{"start":{"line":1,"column":13},"end":{"line":1,"column":75}},"1":{"start":{"line":1,"column":75},"end":{"line":1,"column":185}},"2":{"start":{"line":1,"column":200},"end":{"line":1,"column":241}},"3":{"start":{"line":1,"column":258},"end":{"line":1,"column":290}},"4":{"start":{"line":2,"column":18},"end":{"line":2,"column":60}},"5":{"start":{"line":2,"column":80},"end":{"line":2,"column":115}},"6":{"start":{"line":3,"column":16},"end":{"line":3,"column":57}},"7":{"start":{"line":3,"column":75},"end":{"line":3,"column":108}},"8":{"start":{"line":4,"column":11},"end":{"line":4,"column":46}},"9":{"start":{"line":4,"column":59},"end":{"line":4,"column":87}},"10":{"start":{"line":5,"column":14},"end":{"line":5,"column":54}},"11":{"start":{"line":5,"column":70},"end":{"line":5,"column":101}},"12":{"start":{"line":5,"column":140},"end":{"line":5,"column":194}},"13":{"start":{"line":7,"column":23},"end":{"line":26,"column":25}},"14":{"start":{"line":29,"column":15},"end":{"line":43,"column":32}},"15":{"start":{"line":46,"column":19},"end":{"line":49,"column":27}},"16":{"start":{"line":51,"column":17},"end":{"line":54,"column":23}},"17":{"start":{"line":56,"column":16},"end":{"line":65,"column":30}}},"fnMap":{"0":{"name":"_interopRequireDefault","decl":{"start":{"line":5,"column":111},"end":{"line":5,"column":133}},"loc":{"start":{"line":5,"column":139},"end":{"line":5,"column":195}},"line":5}},"branchMap":{"0":{"loc":{"start":{"line":5,"column":147},"end":{"line":5,"column":193}},"type":"cond-expr","locations":[{"start":{"line":5,"column":171},"end":{"line":5,"column":174}},{"start":{"line":5,"column":177},"end":{"line":5,"column":193}}],"line":5},"1":{"loc":{"start":{"line":5,"column":147},"end":{"line":5,"column":168}},"type":"binary-expr","locations":[{"start":{"line":5,"column":147},"end":{"line":5,"column":150}},{"start":{"line":5,"column":154},"end":{"line":5,"column":168}}],"line":5}},"s":{"0":0,"1":0,"2":0,"3":0,"4":0,"5":0,"6":0,"7":0,"8":0,"9":0,"10":0,"11":0,"12":0,"13":0,"14":0,"15":0,"16":0,"17":0},"f":{"0":0},"b":{"0":[0,0],"1":[0,0]}}
,"/Users/Ify/Developer/ReactTests/Personal-Website/client/src/containers/body/sub-components/about.js": {"path":"/Users/Ify/Developer/ReactTests/Personal-Website/client/src/containers/body/sub-components/about.js","statementMap":{"0":{"start":{"line":1,"column":13},"end":{"line":1,"column":75}},"1":{"start":{"line":1,"column":94},"end":{"line":1,"column":195}},"2":{"start":{"line":11,"column":13},"end":{"line":11,"column":29}},"3":{"start":{"line":11,"column":44},"end":{"line":11,"column":74}},"4":{"start":{"line":11,"column":92},"end":{"line":11,"column":113}},"5":{"start":{"line":11,"column":132},"end":{"line":11,"column":166}},"6":{"start":{"line":11,"column":185},"end":{"line":11,"column":226}},"7":{"start":{"line":11,"column":246},"end":{"line":11,"column":281}},"8":{"start":{"line":11,"column":300},"end":{"line":11,"column":322}},"9":{"start":{"line":11,"column":336},"end":{"line":11,"column":361}},"10":{"start":{"line":11,"column":376},"end":{"line":11,"column":406}},"11":{"start":{"line":12,"column":14},"end":{"line":12,"column":34}},"12":{"start":{"line":12,"column":73},"end":{"line":12,"column":127}},"13":{"start":{"line":18,"column":21},"end":{"line":38,"column":1}},"14":{"start":{"line":19,"column":18},"end":{"line":26,"column":6}},"15":{"start":{"line":20,"column":8},"end":{"line":24,"column":368}},"16":{"start":{"line":21,"column":35},"end":{"line":21,"column":60}},"17":{"start":{"line":23,"column":31},"end":{"line":23,"column":66}},"18":{"start":{"line":27,"column":4},"end":{"line":33,"column":32}},"19":{"start":{"line":40,"column":0},"end":{"line":40,"column":28}},"20":{"start":{"line":43,"column":21},"end":{"line":47,"column":1}},"21":{"start":{"line":44,"column":4},"end":{"line":45,"column":57}},"22":{"start":{"line":47,"column":2},"end":{"line":49,"column":53}}},"fnMap":{"0":{"name":"_interopRequireDefault","decl":{"start":{"line":12,"column":44},"end":{"line":12,"column":66}},"loc":{"start":{"line":12,"column":72},"end":{"line":12,"column":128}},"line":12},"1":{"name":"(anonymous_1)","decl":{"start":{"line":18,"column":21},"end":{"line":18,"column":22}},"loc":{"start":{"line":18,"column":68},"end":{"line":38,"column":1}},"line":18},"2":{"name":"(anonymous_2)","decl":{"start":{"line":19,"column":54},"end":{"line":19,"column":55}},"loc":{"start":{"line":19,"column":71},"end":{"line":26,"column":5}},"line":19},"3":{"name":"(anonymous_3)","decl":{"start":{"line":21,"column":29},"end":{"line":21,"column":30}},"loc":{"start":{"line":21,"column":35},"end":{"line":21,"column":60}},"line":21},"4":{"name":"(anonymous_4)","decl":{"start":{"line":23,"column":25},"end":{"line":23,"column":26}},"loc":{"start":{"line":23,"column":31},"end":{"line":23,"column":66}},"line":23},"5":{"name":"(anonymous_5)","decl":{"start":{"line":43,"column":21},"end":{"line":43,"column":22}},"loc":{"start":{"line":43,"column":30},"end":{"line":47,"column":1}},"line":43}},"branchMap":{"0":{"loc":{"start":{"line":12,"column":80},"end":{"line":12,"column":126}},"type":"cond-expr","locations":[{"start":{"line":12,"column":104},"end":{"line":12,"column":107}},{"start":{"line":12,"column":110},"end":{"line":12,"column":126}}],"line":12},"1":{"loc":{"start":{"line":12,"column":80},"end":{"line":12,"column":101}},"type":"binary-expr","locations":[{"start":{"line":12,"column":80},"end":{"line":12,"column":83}},{"start":{"line":12,"column":87},"end":{"line":12,"column":101}}],"line":12}},"s":{"0":0,"1":0,"2":0,"3":0,"4":0,"5":0,"6":0,"7":0,"8":0,"9":0,"10":0,"11":0,"12":0,"13":0,"14":0,"15":0,"16":0,"17":0,"18":0,"19":0,"20":0,"21":0,"22":0},"f":{"0":0,"1":0,"2":0,"3":0,"4":0,"5":0},"b":{"0":[0,0],"1":[0,0]}}
,"/Users/Ify/Developer/ReactTests/Personal-Website/client/src/containers/body/sub-components/contact.me.js": {"path":"/Users/Ify/Developer/ReactTests/Personal-Website/client/src/containers/body/sub-components/contact.me.js","statementMap":{"0":{"start":{"line":1,"column":13},"end":{"line":1,"column":75}},"1":{"start":{"line":1,"column":94},"end":{"line":1,"column":200}},"2":{"start":{"line":14,"column":13},"end":{"line":14,"column":29}},"3":{"start":{"line":14,"column":44},"end":{"line":14,"column":74}},"4":{"start":{"line":14,"column":92},"end":{"line":14,"column":113}},"5":{"start":{"line":14,"column":132},"end":{"line":14,"column":166}},"6":{"start":{"line":14,"column":200},"end":{"line":14,"column":238}},"7":{"start":{"line":14,"column":273},"end":{"line":14,"column":323}},"8":{"start":{"line":14,"column":344},"end":{"line":14,"column":368}},"9":{"start":{"line":14,"column":390},"end":{"line":14,"column":427}},"10":{"start":{"line":14,"column":446},"end":{"line":14,"column":487}},"11":{"start":{"line":14,"column":507},"end":{"line":14,"column":542}},"12":{"start":{"line":14,"column":556},"end":{"line":14,"column":581}},"13":{"start":{"line":14,"column":596},"end":{"line":14,"column":626}},"14":{"start":{"line":14,"column":645},"end":{"line":14,"column":667}},"15":{"start":{"line":14,"column":686},"end":{"line":14,"column":721}},"16":{"start":{"line":15,"column":12},"end":{"line":15,"column":38}},"17":{"start":{"line":16,"column":14},"end":{"line":16,"column":34}},"18":{"start":{"line":17,"column":19},"end":{"line":17,"column":71}},"19":{"start":{"line":17,"column":92},"end":{"line":17,"column":128}},"20":{"start":{"line":17,"column":167},"end":{"line":17,"column":221}},"21":{"start":{"line":24,"column":25},"end":{"line":79,"column":1}},"22":{"start":{"line":25,"column":17},"end":{"line":31,"column":22}},"23":{"start":{"line":34,"column":17},"end":{"line":34,"column":19}},"24":{"start":{"line":37,"column":4},"end":{"line":73,"column":138}},"25":{"start":{"line":40,"column":40},"end":{"line":40,"column":99}},"26":{"start":{"line":46,"column":24},"end":{"line":46,"column":85}},"27":{"start":{"line":57,"column":43},"end":{"line":57,"column":77}},"28":{"start":{"line":59,"column":39},"end":{"line":59,"column":83}},"29":{"start":{"line":70,"column":41},"end":{"line":70,"column":87}},"30":{"start":{"line":81,"column":0},"end":{"line":81,"column":32}},"31":{"start":{"line":83,"column":21},"end":{"line":88,"column":1}},"32":{"start":{"line":84,"column":4},"end":{"line":86,"column":57}},"33":{"start":{"line":88,"column":2},"end":{"line":89,"column":57}}},"fnMap":{"0":{"name":"_interopRequireDefault","decl":{"start":{"line":17,"column":138},"end":{"line":17,"column":160}},"loc":{"start":{"line":17,"column":166},"end":{"line":17,"column":222}},"line":17},"1":{"name":"(anonymous_1)","decl":{"start":{"line":24,"column":25},"end":{"line":24,"column":26}},"loc":{"start":{"line":24,"column":117},"end":{"line":79,"column":1}},"line":24},"2":{"name":"(anonymous_2)","decl":{"start":{"line":40,"column":30},"end":{"line":40,"column":31}},"loc":{"start":{"line":40,"column":40},"end":{"line":40,"column":99}},"line":40},"3":{"name":"(anonymous_3)","decl":{"start":{"line":45,"column":29},"end":{"line":45,"column":30}},"loc":{"start":{"line":45,"column":34},"end":{"line":47,"column":21}},"line":45},"4":{"name":"(anonymous_4)","decl":{"start":{"line":57,"column":37},"end":{"line":57,"column":38}},"loc":{"start":{"line":57,"column":43},"end":{"line":57,"column":77}},"line":57},"5":{"name":"(anonymous_5)","decl":{"start":{"line":59,"column":33},"end":{"line":59,"column":34}},"loc":{"start":{"line":59,"column":39},"end":{"line":59,"column":83}},"line":59},"6":{"name":"(anonymous_6)","decl":{"start":{"line":70,"column":35},"end":{"line":70,"column":36}},"loc":{"start":{"line":70,"column":41},"end":{"line":70,"column":87}},"line":70},"7":{"name":"(anonymous_7)","decl":{"start":{"line":83,"column":21},"end":{"line":83,"column":22}},"loc":{"start":{"line":83,"column":30},"end":{"line":88,"column":1}},"line":83}},"branchMap":{"0":{"loc":{"start":{"line":17,"column":174},"end":{"line":17,"column":220}},"type":"cond-expr","locations":[{"start":{"line":17,"column":198},"end":{"line":17,"column":201}},{"start":{"line":17,"column":204},"end":{"line":17,"column":220}}],"line":17},"1":{"loc":{"start":{"line":17,"column":174},"end":{"line":17,"column":195}},"type":"binary-expr","locations":[{"start":{"line":17,"column":174},"end":{"line":17,"column":177}},{"start":{"line":17,"column":181},"end":{"line":17,"column":195}}],"line":17}},"s":{"0":0,"1":0,"2":0,"3":0,"4":0,"5":0,"6":0,"7":0,"8":0,"9":0,"10":0,"11":0,"12":0,"13":0,"14":0,"15":0,"16":0,"17":0,"18":0,"19":0,"20":0,"21":0,"22":0,"23":0,"24":0,"25":0,"26":0,"27":0,"28":0,"29":0,"30":0,"31":0,"32":0,"33":0},"f":{"0":0,"1":0,"2":0,"3":0,"4":0,"5":0,"6":0,"7":0},"b":{"0":[0,0],"1":[0,0]}}
,"/Users/Ify/Developer/ReactTests/Personal-Website/client/src/containers/body/sub-components/dj.music.js": {"path":"/Users/Ify/Developer/ReactTests/Personal-Website/client/src/containers/body/sub-components/dj.music.js","statementMap":{"0":{"start":{"line":1,"column":13},"end":{"line":1,"column":75}},"1":{"start":{"line":1,"column":94},"end":{"line":1,"column":198}},"2":{"start":{"line":8,"column":13},"end":{"line":8,"column":29}},"3":{"start":{"line":8,"column":44},"end":{"line":8,"column":74}},"4":{"start":{"line":8,"column":92},"end":{"line":8,"column":113}},"5":{"start":{"line":8,"column":132},"end":{"line":8,"column":166}},"6":{"start":{"line":8,"column":200},"end":{"line":8,"column":238}},"7":{"start":{"line":8,"column":273},"end":{"line":8,"column":323}},"8":{"start":{"line":8,"column":342},"end":{"line":8,"column":377}},"9":{"start":{"line":9,"column":18},"end":{"line":9,"column":40}},"10":{"start":{"line":9,"column":79},"end":{"line":9,"column":133}},"11":{"start":{"line":16,"column":18},"end":{"line":27,"column":1}},"12":{"start":{"line":17,"column":4},"end":{"line":23,"column":185}},"13":{"start":{"line":22,"column":101},"end":{"line":22,"column":160}},"14":{"start":{"line":29,"column":0},"end":{"line":29,"column":25}},"15":{"start":{"line":31,"column":21},"end":{"line":35,"column":1}},"16":{"start":{"line":32,"column":4},"end":{"line":33,"column":57}},"17":{"start":{"line":35,"column":2},"end":{"line":36,"column":50}}},"fnMap":{"0":{"name":"_interopRequireDefault","decl":{"start":{"line":9,"column":50},"end":{"line":9,"column":72}},"loc":{"start":{"line":9,"column":78},"end":{"line":9,"column":134}},"line":9},"1":{"name":"(anonymous_1)","decl":{"start":{"line":16,"column":18},"end":{"line":16,"column":19}},"loc":{"start":{"line":16,"column":69},"end":{"line":27,"column":1}},"line":16},"2":{"name":"(anonymous_2)","decl":{"start":{"line":22,"column":91},"end":{"line":22,"column":92}},"loc":{"start":{"line":22,"column":101},"end":{"line":22,"column":160}},"line":22},"3":{"name":"(anonymous_3)","decl":{"start":{"line":31,"column":21},"end":{"line":31,"column":22}},"loc":{"start":{"line":31,"column":30},"end":{"line":35,"column":1}},"line":31}},"branchMap":{"0":{"loc":{"start":{"line":9,"column":86},"end":{"line":9,"column":132}},"type":"cond-expr","locations":[{"start":{"line":9,"column":110},"end":{"line":9,"column":113}},{"start":{"line":9,"column":116},"end":{"line":9,"column":132}}],"line":9},"1":{"loc":{"start":{"line":9,"column":86},"end":{"line":9,"column":107}},"type":"binary-expr","locations":[{"start":{"line":9,"column":86},"end":{"line":9,"column":89}},{"start":{"line":9,"column":93},"end":{"line":9,"column":107}}],"line":9}},"s":{"0":0,"1":0,"2":0,"3":0,"4":0,"5":0,"6":0,"7":0,"8":0,"9":0,"10":0,"11":0,"12":0,"13":0,"14":0,"15":0,"16":0,"17":0},"f":{"0":0,"1":0,"2":0,"3":0},"b":{"0":[0,0],"1":[0,0]}}
,"/Users/Ify/Developer/ReactTests/Personal-Website/client/src/containers/body/sub-components/experience.js": {"path":"/Users/Ify/Developer/ReactTests/Personal-Website/client/src/containers/body/sub-components/experience.js","statementMap":{"0":{"start":{"line":1,"column":13},"end":{"line":1,"column":75}},"1":{"start":{"line":1,"column":94},"end":{"line":1,"column":200}},"2":{"start":{"line":6,"column":13},"end":{"line":6,"column":29}},"3":{"start":{"line":6,"column":44},"end":{"line":6,"column":74}},"4":{"start":{"line":6,"column":92},"end":{"line":6,"column":113}},"5":{"start":{"line":6,"column":132},"end":{"line":6,"column":166}},"6":{"start":{"line":6,"column":185},"end":{"line":6,"column":226}},"7":{"start":{"line":6,"column":246},"end":{"line":6,"column":281}},"8":{"start":{"line":7,"column":18},"end":{"line":7,"column":40}},"9":{"start":{"line":8,"column":13},"end":{"line":8,"column":38}},"10":{"start":{"line":8,"column":53},"end":{"line":8,"column":83}},"11":{"start":{"line":8,"column":122},"end":{"line":8,"column":176}},"12":{"start":{"line":15,"column":26},"end":{"line":36,"column":1}},"13":{"start":{"line":16,"column":16},"end":{"line":22,"column":6}},"14":{"start":{"line":18,"column":8},"end":{"line":20,"column":161}},"15":{"start":{"line":23,"column":4},"end":{"line":31,"column":30}},"16":{"start":{"line":38,"column":0},"end":{"line":38,"column":33}},"17":{"start":{"line":38,"column":33},"end":{"line":41,"column":18}}},"fnMap":{"0":{"name":"_interopRequireDefault","decl":{"start":{"line":8,"column":93},"end":{"line":8,"column":115}},"loc":{"start":{"line":8,"column":121},"end":{"line":8,"column":177}},"line":8},"1":{"name":"(anonymous_1)","decl":{"start":{"line":15,"column":26},"end":{"line":15,"column":27}},"loc":{"start":{"line":15,"column":32},"end":{"line":36,"column":1}},"line":15},"2":{"name":"(anonymous_2)","decl":{"start":{"line":17,"column":8},"end":{"line":17,"column":9}},"loc":{"start":{"line":17,"column":25},"end":{"line":22,"column":5}},"line":17}},"branchMap":{"0":{"loc":{"start":{"line":8,"column":129},"end":{"line":8,"column":175}},"type":"cond-expr","locations":[{"start":{"line":8,"column":153},"end":{"line":8,"column":156}},{"start":{"line":8,"column":159},"end":{"line":8,"column":175}}],"line":8},"1":{"loc":{"start":{"line":8,"column":129},"end":{"line":8,"column":150}},"type":"binary-expr","locations":[{"start":{"line":8,"column":129},"end":{"line":8,"column":132}},{"start":{"line":8,"column":136},"end":{"line":8,"column":150}}],"line":8}},"s":{"0":0,"1":0,"2":0,"3":0,"4":0,"5":0,"6":0,"7":0,"8":0,"9":0,"10":0,"11":0,"12":0,"13":0,"14":0,"15":0,"16":0,"17":0},"f":{"0":0,"1":0,"2":0},"b":{"0":[0,0],"1":[0,0]}}
,"/Users/Ify/Developer/ReactTests/Personal-Website/client/src/containers/body/sub-components/intro.js": {"path":"/Users/Ify/Developer/ReactTests/Personal-Website/client/src/containers/body/sub-components/intro.js","statementMap":{"0":{"start":{"line":1,"column":13},"end":{"line":1,"column":75}},"1":{"start":{"line":1,"column":94},"end":{"line":1,"column":195}},"2":{"start":{"line":1,"column":209},"end":{"line":1,"column":225}},"3":{"start":{"line":1,"column":240},"end":{"line":1,"column":270}},"4":{"start":{"line":2,"column":17},"end":{"line":2,"column":38}},"5":{"start":{"line":2,"column":57},"end":{"line":2,"column":91}},"6":{"start":{"line":3,"column":14},"end":{"line":3,"column":34}},"7":{"start":{"line":3,"column":73},"end":{"line":3,"column":127}},"8":{"start":{"line":14,"column":8},"end":{"line":14,"column":21}},"9":{"start":{"line":14,"column":21},"end":{"line":23,"column":37}},"10":{"start":{"line":23,"column":37},"end":{"line":30,"column":10}},"11":{"start":{"line":26,"column":12},"end":{"line":28,"column":77}},"12":{"start":{"line":30,"column":10},"end":{"line":36,"column":10}},"13":{"start":{"line":33,"column":12},"end":{"line":34,"column":31}},"14":{"start":{"line":36,"column":10},"end":{"line":36,"column":57}},"15":{"start":{"line":36,"column":57},"end":{"line":36,"column":114}},"16":{"start":{"line":36,"column":114},"end":{"line":36,"column":166}},"17":{"start":{"line":40,"column":20},"end":{"line":41,"column":67}},"18":{"start":{"line":43,"column":8},"end":{"line":89,"column":177}},"19":{"start":{"line":95,"column":0},"end":{"line":95,"column":21}},"20":{"start":{"line":95,"column":21},"end":{"line":98,"column":6}}},"fnMap":{"0":{"name":"_interopRequireDefault","decl":{"start":{"line":3,"column":44},"end":{"line":3,"column":66}},"loc":{"start":{"line":3,"column":72},"end":{"line":3,"column":128}},"line":3},"1":{"name":"(anonymous_1)","decl":{"start":{"line":13,"column":4},"end":{"line":13,"column":5}},"loc":{"start":{"line":13,"column":23},"end":{"line":36,"column":167}},"line":13},"2":{"name":"(anonymous_2)","decl":{"start":{"line":23,"column":28},"end":{"line":23,"column":29}},"loc":{"start":{"line":23,"column":34},"end":{"line":23,"column":36}},"line":23},"3":{"name":"(anonymous_3)","decl":{"start":{"line":25,"column":22},"end":{"line":25,"column":23}},"loc":{"start":{"line":25,"column":27},"end":{"line":30,"column":9}},"line":25},"4":{"name":"(anonymous_4)","decl":{"start":{"line":32,"column":27},"end":{"line":32,"column":28}},"loc":{"start":{"line":32,"column":32},"end":{"line":36,"column":9}},"line":32},"5":{"name":"(anonymous_5)","decl":{"start":{"line":38,"column":4},"end":{"line":38,"column":5}},"loc":{"start":{"line":38,"column":13},"end":{"line":92,"column":5}},"line":38}},"branchMap":{"0":{"loc":{"start":{"line":3,"column":80},"end":{"line":3,"column":126}},"type":"cond-expr","locations":[{"start":{"line":3,"column":104},"end":{"line":3,"column":107}},{"start":{"line":3,"column":110},"end":{"line":3,"column":126}}],"line":3},"1":{"loc":{"start":{"line":3,"column":80},"end":{"line":3,"column":101}},"type":"binary-expr","locations":[{"start":{"line":3,"column":80},"end":{"line":3,"column":83}},{"start":{"line":3,"column":87},"end":{"line":3,"column":101}}],"line":3}},"s":{"0":0,"1":0,"2":0,"3":0,"4":0,"5":0,"6":0,"7":0,"8":0,"9":0,"10":0,"11":0,"12":0,"13":0,"14":0,"15":0,"16":0,"17":0,"18":0,"19":0,"20":0},"f":{"0":0,"1":0,"2":0,"3":0,"4":0,"5":0},"b":{"0":[0,0],"1":[0,0]}}
,"/Users/Ify/Developer/ReactTests/Personal-Website/client/src/containers/body/sub-components/musiclinks.js": {"path":"/Users/Ify/Developer/ReactTests/Personal-Website/client/src/containers/body/sub-components/musiclinks.js","statementMap":{"0":{"start":{"line":1,"column":13},"end":{"line":1,"column":75}},"1":{"start":{"line":1,"column":94},"end":{"line":1,"column":200}},"2":{"start":{"line":10,"column":13},"end":{"line":10,"column":29}},"3":{"start":{"line":10,"column":44},"end":{"line":10,"column":74}},"4":{"start":{"line":10,"column":92},"end":{"line":10,"column":113}},"5":{"start":{"line":10,"column":132},"end":{"line":10,"column":166}},"6":{"start":{"line":10,"column":185},"end":{"line":10,"column":226}},"7":{"start":{"line":10,"column":246},"end":{"line":10,"column":281}},"8":{"start":{"line":10,"column":296},"end":{"line":10,"column":316}},"9":{"start":{"line":11,"column":18},"end":{"line":11,"column":40}},"10":{"start":{"line":12,"column":13},"end":{"line":12,"column":38}},"11":{"start":{"line":12,"column":53},"end":{"line":12,"column":83}},"12":{"start":{"line":12,"column":122},"end":{"line":12,"column":176}},"13":{"start":{"line":19,"column":21},"end":{"line":40,"column":1}},"14":{"start":{"line":21,"column":16},"end":{"line":28,"column":6}},"15":{"start":{"line":22,"column":8},"end":{"line":26,"column":363}},"16":{"start":{"line":23,"column":35},"end":{"line":23,"column":55}},"17":{"start":{"line":25,"column":31},"end":{"line":25,"column":66}},"18":{"start":{"line":29,"column":4},"end":{"line":35,"column":30}},"19":{"start":{"line":42,"column":0},"end":{"line":42,"column":28}},"20":{"start":{"line":45,"column":21},"end":{"line":49,"column":1}},"21":{"start":{"line":46,"column":4},"end":{"line":47,"column":57}},"22":{"start":{"line":49,"column":2},"end":{"line":51,"column":53}}},"fnMap":{"0":{"name":"_interopRequireDefault","decl":{"start":{"line":12,"column":93},"end":{"line":12,"column":115}},"loc":{"start":{"line":12,"column":121},"end":{"line":12,"column":177}},"line":12},"1":{"name":"(anonymous_1)","decl":{"start":{"line":19,"column":21},"end":{"line":19,"column":22}},"loc":{"start":{"line":19,"column":68},"end":{"line":40,"column":1}},"line":19},"2":{"name":"(anonymous_2)","decl":{"start":{"line":21,"column":51},"end":{"line":21,"column":52}},"loc":{"start":{"line":21,"column":68},"end":{"line":28,"column":5}},"line":21},"3":{"name":"(anonymous_3)","decl":{"start":{"line":23,"column":29},"end":{"line":23,"column":30}},"loc":{"start":{"line":23,"column":35},"end":{"line":23,"column":55}},"line":23},"4":{"name":"(anonymous_4)","decl":{"start":{"line":25,"column":25},"end":{"line":25,"column":26}},"loc":{"start":{"line":25,"column":31},"end":{"line":25,"column":66}},"line":25},"5":{"name":"(anonymous_5)","decl":{"start":{"line":45,"column":21},"end":{"line":45,"column":22}},"loc":{"start":{"line":45,"column":30},"end":{"line":49,"column":1}},"line":45}},"branchMap":{"0":{"loc":{"start":{"line":12,"column":129},"end":{"line":12,"column":175}},"type":"cond-expr","locations":[{"start":{"line":12,"column":153},"end":{"line":12,"column":156}},{"start":{"line":12,"column":159},"end":{"line":12,"column":175}}],"line":12},"1":{"loc":{"start":{"line":12,"column":129},"end":{"line":12,"column":150}},"type":"binary-expr","locations":[{"start":{"line":12,"column":129},"end":{"line":12,"column":132}},{"start":{"line":12,"column":136},"end":{"line":12,"column":150}}],"line":12}},"s":{"0":0,"1":0,"2":0,"3":0,"4":0,"5":0,"6":0,"7":0,"8":0,"9":0,"10":0,"11":0,"12":0,"13":0,"14":0,"15":0,"16":0,"17":0,"18":0,"19":0,"20":0,"21":0,"22":0},"f":{"0":0,"1":0,"2":0,"3":0,"4":0,"5":0},"b":{"0":[0,0],"1":[0,0]}}
,"/Users/Ify/Developer/ReactTests/Personal-Website/client/src/containers/body/sub-components/name.js": {"path":"/Users/Ify/Developer/ReactTests/Personal-Website/client/src/containers/body/sub-components/name.js","statementMap":{"0":{"start":{"line":1,"column":13},"end":{"line":1,"column":75}},"1":{"start":{"line":1,"column":94},"end":{"line":1,"column":194}},"2":{"start":{"line":12,"column":13},"end":{"line":12,"column":29}},"3":{"start":{"line":12,"column":44},"end":{"line":12,"column":74}},"4":{"start":{"line":12,"column":92},"end":{"line":12,"column":113}},"5":{"start":{"line":12,"column":132},"end":{"line":12,"column":166}},"6":{"start":{"line":12,"column":200},"end":{"line":12,"column":238}},"7":{"start":{"line":12,"column":273},"end":{"line":12,"column":323}},"8":{"start":{"line":12,"column":337},"end":{"line":12,"column":362}},"9":{"start":{"line":12,"column":377},"end":{"line":12,"column":407}},"10":{"start":{"line":12,"column":426},"end":{"line":12,"column":448}},"11":{"start":{"line":12,"column":467},"end":{"line":12,"column":502}},"12":{"start":{"line":12,"column":541},"end":{"line":12,"column":595}},"13":{"start":{"line":19,"column":20},"end":{"line":30,"column":1}},"14":{"start":{"line":20,"column":4},"end":{"line":26,"column":193}},"15":{"start":{"line":25,"column":101},"end":{"line":25,"column":160}},"16":{"start":{"line":32,"column":0},"end":{"line":32,"column":27}},"17":{"start":{"line":34,"column":21},"end":{"line":38,"column":1}},"18":{"start":{"line":35,"column":4},"end":{"line":36,"column":55}},"19":{"start":{"line":38,"column":2},"end":{"line":39,"column":52}}},"fnMap":{"0":{"name":"_interopRequireDefault","decl":{"start":{"line":12,"column":512},"end":{"line":12,"column":534}},"loc":{"start":{"line":12,"column":540},"end":{"line":12,"column":596}},"line":12},"1":{"name":"(anonymous_1)","decl":{"start":{"line":19,"column":20},"end":{"line":19,"column":21}},"loc":{"start":{"line":19,"column":70},"end":{"line":30,"column":1}},"line":19},"2":{"name":"(anonymous_2)","decl":{"start":{"line":25,"column":91},"end":{"line":25,"column":92}},"loc":{"start":{"line":25,"column":101},"end":{"line":25,"column":160}},"line":25},"3":{"name":"(anonymous_3)","decl":{"start":{"line":34,"column":21},"end":{"line":34,"column":22}},"loc":{"start":{"line":34,"column":30},"end":{"line":38,"column":1}},"line":34}},"branchMap":{"0":{"loc":{"start":{"line":12,"column":548},"end":{"line":12,"column":594}},"type":"cond-expr","locations":[{"start":{"line":12,"column":572},"end":{"line":12,"column":575}},{"start":{"line":12,"column":578},"end":{"line":12,"column":594}}],"line":12},"1":{"loc":{"start":{"line":12,"column":548},"end":{"line":12,"column":569}},"type":"binary-expr","locations":[{"start":{"line":12,"column":548},"end":{"line":12,"column":551}},{"start":{"line":12,"column":555},"end":{"line":12,"column":569}}],"line":12}},"s":{"0":0,"1":0,"2":0,"3":0,"4":0,"5":0,"6":0,"7":0,"8":0,"9":0,"10":0,"11":0,"12":0,"13":0,"14":0,"15":0,"16":0,"17":0,"18":0,"19":0},"f":{"0":0,"1":0,"2":0,"3":0},"b":{"0":[0,0],"1":[0,0]}}
,"/Users/Ify/Developer/ReactTests/Personal-Website/client/src/containers/body/sub-components/parallax.js": {"path":"/Users/Ify/Developer/ReactTests/Personal-Website/client/src/containers/body/sub-components/parallax.js","statementMap":{"0":{"start":{"line":1,"column":13},"end":{"line":1,"column":75}},"1":{"start":{"line":1,"column":94},"end":{"line":1,"column":198}},"2":{"start":{"line":1,"column":212},"end":{"line":1,"column":228}},"3":{"start":{"line":1,"column":243},"end":{"line":1,"column":273}},"4":{"start":{"line":2,"column":17},"end":{"line":2,"column":38}},"5":{"start":{"line":2,"column":57},"end":{"line":2,"column":91}},"6":{"start":{"line":2,"column":130},"end":{"line":2,"column":184}},"7":{"start":{"line":9,"column":17},"end":{"line":15,"column":1}},"8":{"start":{"line":10,"column":4},"end":{"line":12,"column":23}},"9":{"start":{"line":17,"column":0},"end":{"line":19,"column":39}},"10":{"start":{"line":19,"column":39},"end":{"line":22,"column":9}}},"fnMap":{"0":{"name":"_interopRequireDefault","decl":{"start":{"line":2,"column":101},"end":{"line":2,"column":123}},"loc":{"start":{"line":2,"column":129},"end":{"line":2,"column":185}},"line":2},"1":{"name":"(anonymous_1)","decl":{"start":{"line":9,"column":17},"end":{"line":9,"column":18}},"loc":{"start":{"line":9,"column":41},"end":{"line":15,"column":1}},"line":9}},"branchMap":{"0":{"loc":{"start":{"line":2,"column":137},"end":{"line":2,"column":183}},"type":"cond-expr","locations":[{"start":{"line":2,"column":161},"end":{"line":2,"column":164}},{"start":{"line":2,"column":167},"end":{"line":2,"column":183}}],"line":2},"1":{"loc":{"start":{"line":2,"column":137},"end":{"line":2,"column":158}},"type":"binary-expr","locations":[{"start":{"line":2,"column":137},"end":{"line":2,"column":140}},{"start":{"line":2,"column":144},"end":{"line":2,"column":158}}],"line":2}},"s":{"0":0,"1":0,"2":0,"3":0,"4":0,"5":0,"6":0,"7":0,"8":0,"9":0,"10":0},"f":{"0":0,"1":0},"b":{"0":[0,0],"1":[0,0]}}
,"/Users/Ify/Developer/ReactTests/Personal-Website/client/src/containers/body/sub-components/skills.js": {"path":"/Users/Ify/Developer/ReactTests/Personal-Website/client/src/containers/body/sub-components/skills.js","statementMap":{"0":{"start":{"line":1,"column":13},"end":{"line":1,"column":75}},"1":{"start":{"line":1,"column":94},"end":{"line":1,"column":196}},"2":{"start":{"line":12,"column":13},"end":{"line":12,"column":29}},"3":{"start":{"line":12,"column":44},"end":{"line":12,"column":74}},"4":{"start":{"line":12,"column":92},"end":{"line":12,"column":113}},"5":{"start":{"line":12,"column":132},"end":{"line":12,"column":166}},"6":{"start":{"line":12,"column":200},"end":{"line":12,"column":238}},"7":{"start":{"line":12,"column":273},"end":{"line":12,"column":323}},"8":{"start":{"line":12,"column":337},"end":{"line":12,"column":362}},"9":{"start":{"line":12,"column":377},"end":{"line":12,"column":407}},"10":{"start":{"line":12,"column":426},"end":{"line":12,"column":448}},"11":{"start":{"line":12,"column":467},"end":{"line":12,"column":502}},"12":{"start":{"line":12,"column":541},"end":{"line":12,"column":595}},"13":{"start":{"line":19,"column":21},"end":{"line":30,"column":1}},"14":{"start":{"line":20,"column":4},"end":{"line":26,"column":193}},"15":{"start":{"line":25,"column":101},"end":{"line":25,"column":160}},"16":{"start":{"line":32,"column":0},"end":{"line":32,"column":28}},"17":{"start":{"line":34,"column":21},"end":{"line":38,"column":1}},"18":{"start":{"line":35,"column":4},"end":{"line":36,"column":59}},"19":{"start":{"line":38,"column":2},"end":{"line":39,"column":53}}},"fnMap":{"0":{"name":"_interopRequireDefault","decl":{"start":{"line":12,"column":512},"end":{"line":12,"column":534}},"loc":{"start":{"line":12,"column":540},"end":{"line":12,"column":596}},"line":12},"1":{"name":"(anonymous_1)","decl":{"start":{"line":19,"column":21},"end":{"line":19,"column":22}},"loc":{"start":{"line":19,"column":73},"end":{"line":30,"column":1}},"line":19},"2":{"name":"(anonymous_2)","decl":{"start":{"line":25,"column":91},"end":{"line":25,"column":92}},"loc":{"start":{"line":25,"column":101},"end":{"line":25,"column":160}},"line":25},"3":{"name":"(anonymous_3)","decl":{"start":{"line":34,"column":21},"end":{"line":34,"column":22}},"loc":{"start":{"line":34,"column":30},"end":{"line":38,"column":1}},"line":34}},"branchMap":{"0":{"loc":{"start":{"line":12,"column":548},"end":{"line":12,"column":594}},"type":"cond-expr","locations":[{"start":{"line":12,"column":572},"end":{"line":12,"column":575}},{"start":{"line":12,"column":578},"end":{"line":12,"column":594}}],"line":12},"1":{"loc":{"start":{"line":12,"column":548},"end":{"line":12,"column":569}},"type":"binary-expr","locations":[{"start":{"line":12,"column":548},"end":{"line":12,"column":551}},{"start":{"line":12,"column":555},"end":{"line":12,"column":569}}],"line":12}},"s":{"0":0,"1":0,"2":0,"3":0,"4":0,"5":0,"6":0,"7":0,"8":0,"9":0,"10":0,"11":0,"12":0,"13":0,"14":0,"15":0,"16":0,"17":0,"18":0,"19":0},"f":{"0":0,"1":0,"2":0,"3":0},"b":{"0":[0,0],"1":[0,0]}}
,"/Users/Ify/Developer/ReactTests/Personal-Website/client/src/containers/contact-form/contact-form.actions.js": {"path":"/Users/Ify/Developer/ReactTests/Personal-Website/client/src/containers/contact-form/contact-form.actions.js","statementMap":{"0":{"start":{"line":2,"column":30},"end":{"line":7,"column":1}},"1":{"start":{"line":3,"column":4},"end":{"line":6,"column":5}}},"fnMap":{"0":{"name":"(anonymous_0)","decl":{"start":{"line":2,"column":30},"end":{"line":2,"column":31}},"loc":{"start":{"line":2,"column":40},"end":{"line":7,"column":1}},"line":2}},"branchMap":{},"s":{"0":1,"1":0},"f":{"0":0},"b":{},"_coverageSchema":"332fd63041d2c1bcb487cc26dd0d5f7d97098a6c","hash":"0488efa1c744f8f914930ef1299b5a529404f676"}
,"/Users/Ify/Developer/ReactTests/Personal-Website/client/src/containers/contact-form/contact-form.api.js": {"path":"/Users/Ify/Developer/ReactTests/Personal-Website/client/src/containers/contact-form/contact-form.api.js","statementMap":{"0":{"start":{"line":8,"column":24},"end":{"line":22,"column":1}},"1":{"start":{"line":9,"column":4},"end":{"line":21,"column":7}},"2":{"start":{"line":10,"column":8},"end":{"line":20,"column":42}},"3":{"start":{"line":17,"column":16},"end":{"line":17,"column":39}},"4":{"start":{"line":18,"column":16},"end":{"line":18,"column":72}},"5":{"start":{"line":20,"column":28},"end":{"line":20,"column":41}}},"fnMap":{"0":{"name":"(anonymous_0)","decl":{"start":{"line":8,"column":24},"end":{"line":8,"column":25}},"loc":{"start":{"line":8,"column":35},"end":{"line":22,"column":1}},"line":8},"1":{"name":"(anonymous_1)","decl":{"start":{"line":9,"column":23},"end":{"line":9,"column":24}},"loc":{"start":{"line":9,"column":44},"end":{"line":21,"column":5}},"line":9},"2":{"name":"(anonymous_2)","decl":{"start":{"line":16,"column":18},"end":{"line":16,"column":19}},"loc":{"start":{"line":16,"column":30},"end":{"line":19,"column":13}},"line":16},"3":{"name":"(anonymous_3)","decl":{"start":{"line":20,"column":19},"end":{"line":20,"column":20}},"loc":{"start":{"line":20,"column":28},"end":{"line":20,"column":41}},"line":20}},"branchMap":{},"s":{"0":1,"1":0,"2":0,"3":0,"4":0,"5":0},"f":{"0":0,"1":0,"2":0,"3":0},"b":{},"_coverageSchema":"332fd63041d2c1bcb487cc26dd0d5f7d97098a6c","hash":"97a8a12e04ce5470fa3ed8e86463b08c30a19aea"}
,"/Users/Ify/Developer/ReactTests/Personal-Website/client/src/containers/contact-form/contact-form.component.js": {"path":"/Users/Ify/Developer/ReactTests/Personal-Website/client/src/containers/contact-form/contact-form.component.js","statementMap":{"0":{"start":{"line":24,"column":8},"end":{"line":24,"column":21}},"1":{"start":{"line":26,"column":8},"end":{"line":32,"column":10}},"2":{"start":{"line":34,"column":8},"end":{"line":34,"column":67}},"3":{"start":{"line":35,"column":8},"end":{"line":35,"column":53}},"4":{"start":{"line":39,"column":20},"end":{"line":39,"column":34}},"5":{"start":{"line":40,"column":19},"end":{"line":40,"column":32}},"6":{"start":{"line":41,"column":27},"end":{"line":41,"column":66}},"7":{"start":{"line":43,"column":8},"end":{"line":47,"column":11}},"8":{"start":{"line":53,"column":8},"end":{"line":57,"column":47}},"9":{"start":{"line":55,"column":16},"end":{"line":55,"column":67}},"10":{"start":{"line":57,"column":28},"end":{"line":57,"column":46}},"11":{"start":{"line":61,"column":30},"end":{"line":65,"column":9}},"12":{"start":{"line":67,"column":28},"end":{"line":75,"column":14}},"13":{"start":{"line":70,"column":16},"end":{"line":74,"column":18}},"14":{"start":{"line":77,"column":27},"end":{"line":79,"column":16}},"15":{"start":{"line":80,"column":27},"end":{"line":87,"column":14}},"16":{"start":{"line":89,"column":8},"end":{"line":93,"column":9}},"17":{"start":{"line":90,"column":12},"end":{"line":92,"column":37}},"18":{"start":{"line":91,"column":16},"end":{"line":91,"column":54}},"19":{"start":{"line":95,"column":22},"end":{"line":97,"column":16}},"20":{"start":{"line":98,"column":8},"end":{"line":109,"column":9}},"21":{"start":{"line":112,"column":21},"end":{"line":116,"column":1}},"22":{"start":{"line":113,"column":4},"end":{"line":115,"column":5}}},"fnMap":{"0":{"name":"(anonymous_0)","decl":{"start":{"line":23,"column":4},"end":{"line":23,"column":5}},"loc":{"start":{"line":23,"column":23},"end":{"line":36,"column":5}},"line":23},"1":{"name":"(anonymous_1)","decl":{"start":{"line":38,"column":4},"end":{"line":38,"column":5}},"loc":{"start":{"line":38,"column":25},"end":{"line":49,"column":5}},"line":38},"2":{"name":"(anonymous_2)","decl":{"start":{"line":51,"column":17},"end":{"line":51,"column":18}},"loc":{"start":{"line":51,"column":23},"end":{"line":58,"column":5}},"line":51},"3":{"name":"(anonymous_3)","decl":{"start":{"line":54,"column":18},"end":{"line":54,"column":19}},"loc":{"start":{"line":54,"column":30},"end":{"line":56,"column":13}},"line":54},"4":{"name":"(anonymous_4)","decl":{"start":{"line":57,"column":19},"end":{"line":57,"column":20}},"loc":{"start":{"line":57,"column":28},"end":{"line":57,"column":46}},"line":57},"5":{"name":"(anonymous_5)","decl":{"start":{"line":60,"column":4},"end":{"line":60,"column":5}},"loc":{"start":{"line":60,"column":13},"end":{"line":110,"column":5}},"line":60},"6":{"name":"(anonymous_6)","decl":{"start":{"line":69,"column":17},"end":{"line":69,"column":18}},"loc":{"start":{"line":69,"column":35},"end":{"line":75,"column":13}},"line":69},"7":{"name":"(anonymous_7)","decl":{"start":{"line":90,"column":23},"end":{"line":90,"column":24}},"loc":{"start":{"line":90,"column":35},"end":{"line":92,"column":13}},"line":90},"8":{"name":"(anonymous_8)","decl":{"start":{"line":112,"column":21},"end":{"line":112,"column":22}},"loc":{"start":{"line":112,"column":32},"end":{"line":116,"column":1}},"line":112}},"branchMap":{"0":{"loc":{"start":{"line":62,"column":23},"end":{"line":64,"column":24}},"type":"cond-expr","locations":[{"start":{"line":63,"column":18},"end":{"line":63,"column":25}},{"start":{"line":64,"column":18},"end":{"line":64,"column":24}}],"line":62},"1":{"loc":{"start":{"line":77,"column":27},"end":{"line":79,"column":16}},"type":"cond-expr","locations":[{"start":{"line":78,"column":14},"end":{"line":78,"column":24}},{"start":{"line":79,"column":14},"end":{"line":79,"column":16}}],"line":77},"2":{"loc":{"start":{"line":77,"column":27},"end":{"line":77,"column":74}},"type":"binary-expr","locations":[{"start":{"line":77,"column":27},"end":{"line":77,"column":48}},{"start":{"line":77,"column":52},"end":{"line":77,"column":74}}],"line":77},"3":{"loc":{"start":{"line":83,"column":26},"end":{"line":83,"column":73}},"type":"binary-expr","locations":[{"start":{"line":83,"column":26},"end":{"line":83,"column":47}},{"start":{"line":83,"column":51},"end":{"line":83,"column":73}}],"line":83},"4":{"loc":{"start":{"line":89,"column":8},"end":{"line":93,"column":9}},"type":"if","locations":[{"start":{"line":89,"column":8},"end":{"line":93,"column":9}},{"start":{"line":89,"column":8},"end":{"line":93,"column":9}}],"line":89},"5":{"loc":{"start":{"line":95,"column":22},"end":{"line":97,"column":16}},"type":"cond-expr","locations":[{"start":{"line":96,"column":14},"end":{"line":96,"column":42}},{"start":{"line":97,"column":14},"end":{"line":97,"column":16}}],"line":95}},"s":{"0":2,"1":2,"2":2,"3":2,"4":0,"5":0,"6":0,"7":0,"8":0,"9":0,"10":0,"11":2,"12":2,"13":6,"14":2,"15":2,"16":2,"17":0,"18":0,"19":2,"20":2,"21":1,"22":2},"f":{"0":2,"1":0,"2":0,"3":0,"4":0,"5":2,"6":6,"7":0,"8":2},"b":{"0":[2,0],"1":[2,0],"2":[2,0],"3":[2,0],"4":[0,2],"5":[2,0]},"_coverageSchema":"332fd63041d2c1bcb487cc26dd0d5f7d97098a6c","hash":"70526d62adb635c12edbc6863004a6cecccd3f00"}
,"/Users/Ify/Developer/ReactTests/Personal-Website/client/src/containers/contact-form/contact-form.model.js": {"path":"/Users/Ify/Developer/ReactTests/Personal-Website/client/src/containers/contact-form/contact-form.model.js","statementMap":{"0":{"start":{"line":3,"column":21},"end":{"line":39,"column":1}}},"fnMap":{},"branchMap":{},"s":{"0":1},"f":{},"b":{},"_coverageSchema":"332fd63041d2c1bcb487cc26dd0d5f7d97098a6c","hash":"bb51858c28da3fe0ede02e97f882e2efbecdaadd"}
,"/Users/Ify/Developer/ReactTests/Personal-Website/client/src/containers/contact-form/contact-forms.reducer.js": {"path":"/Users/Ify/Developer/ReactTests/Personal-Website/client/src/containers/contact-form/contact-forms.reducer.js","statementMap":{"0":{"start":{"line":1,"column":20},"end":{"line":3,"column":1}},"1":{"start":{"line":6,"column":2},"end":{"line":13,"column":3}},"2":{"start":{"line":8,"column":6},"end":{"line":10,"column":9}},"3":{"start":{"line":12,"column":6},"end":{"line":12,"column":19}}},"fnMap":{"0":{"name":"(anonymous_0)","decl":{"start":{"line":5,"column":15},"end":{"line":5,"column":16}},"loc":{"start":{"line":5,"column":48},"end":{"line":14,"column":1}},"line":5}},"branchMap":{"0":{"loc":{"start":{"line":5,"column":16},"end":{"line":5,"column":35}},"type":"default-arg","locations":[{"start":{"line":5,"column":24},"end":{"line":5,"column":35}}],"line":5},"1":{"loc":{"start":{"line":6,"column":2},"end":{"line":13,"column":3}},"type":"switch","locations":[{"start":{"line":7,"column":4},"end":{"line":10,"column":9}},{"start":{"line":11,"column":4},"end":{"line":12,"column":19}}],"line":6}},"s":{"0":1,"1":3,"2":0,"3":3},"f":{"0":3},"b":{"0":[3],"1":[0,3]},"_coverageSchema":"332fd63041d2c1bcb487cc26dd0d5f7d97098a6c","hash":"5612c9dc8ce463882bfaab38e8a5448fd92dbbec"}
,"/Users/Ify/Developer/ReactTests/Personal-Website/client/src/containers/footer/footer.component.js": {"path":"/Users/Ify/Developer/ReactTests/Personal-Website/client/src/containers/footer/footer.component.js","statementMap":{"0":{"start":{"line":1,"column":13},"end":{"line":1,"column":75}},"1":{"start":{"line":1,"column":94},"end":{"line":1,"column":193}},"2":{"start":{"line":1,"column":207},"end":{"line":1,"column":223}},"3":{"start":{"line":1,"column":238},"end":{"line":1,"column":268}},"4":{"start":{"line":2,"column":17},"end":{"line":2,"column":54}},"5":{"start":{"line":2,"column":73},"end":{"line":2,"column":107}},"6":{"start":{"line":2,"column":146},"end":{"line":2,"column":200}},"7":{"start":{"line":6,"column":8},"end":{"line":6,"column":21}},"8":{"start":{"line":6,"column":21},"end":{"line":10,"column":10}},"9":{"start":{"line":14,"column":8},"end":{"line":16,"column":141}},"10":{"start":{"line":22,"column":0},"end":{"line":22,"column":25}},"11":{"start":{"line":22,"column":25},"end":{"line":24,"column":7}}},"fnMap":{"0":{"name":"_interopRequireDefault","decl":{"start":{"line":2,"column":117},"end":{"line":2,"column":139}},"loc":{"start":{"line":2,"column":145},"end":{"line":2,"column":201}},"line":2},"1":{"name":"(anonymous_1)","decl":{"start":{"line":5,"column":4},"end":{"line":5,"column":5}},"loc":{"start":{"line":5,"column":23},"end":{"line":10,"column":11}},"line":5},"2":{"name":"(anonymous_2)","decl":{"start":{"line":9,"column":28},"end":{"line":9,"column":29}},"loc":{"start":{"line":9,"column":34},"end":{"line":10,"column":9}},"line":9},"3":{"name":"(anonymous_3)","decl":{"start":{"line":12,"column":4},"end":{"line":12,"column":5}},"loc":{"start":{"line":12,"column":13},"end":{"line":19,"column":5}},"line":12}},"branchMap":{"0":{"loc":{"start":{"line":2,"column":153},"end":{"line":2,"column":199}},"type":"cond-expr","locations":[{"start":{"line":2,"column":177},"end":{"line":2,"column":180}},{"start":{"line":2,"column":183},"end":{"line":2,"column":199}}],"line":2},"1":{"loc":{"start":{"line":2,"column":153},"end":{"line":2,"column":174}},"type":"binary-expr","locations":[{"start":{"line":2,"column":153},"end":{"line":2,"column":156}},{"start":{"line":2,"column":160},"end":{"line":2,"column":174}}],"line":2}},"s":{"0":0,"1":0,"2":0,"3":0,"4":0,"5":0,"6":0,"7":0,"8":0,"9":0,"10":0,"11":0},"f":{"0":0,"1":0,"2":0,"3":0},"b":{"0":[0,0],"1":[0,0]}}
,"/Users/Ify/Developer/ReactTests/Personal-Website/client/src/containers/footer/sub-components/copyright.js": {"path":"/Users/Ify/Developer/ReactTests/Personal-Website/client/src/containers/footer/sub-components/copyright.js","statementMap":{"0":{"start":{"line":1,"column":13},"end":{"line":1,"column":75}},"1":{"start":{"line":1,"column":94},"end":{"line":1,"column":201}},"2":{"start":{"line":1,"column":215},"end":{"line":1,"column":231}},"3":{"start":{"line":1,"column":246},"end":{"line":1,"column":276}},"4":{"start":{"line":2,"column":17},"end":{"line":2,"column":38}},"5":{"start":{"line":2,"column":57},"end":{"line":2,"column":91}},"6":{"start":{"line":4,"column":17},"end":{"line":4,"column":56}},"7":{"start":{"line":4,"column":75},"end":{"line":4,"column":109}},"8":{"start":{"line":4,"column":148},"end":{"line":4,"column":202}},"9":{"start":{"line":9,"column":18},"end":{"line":15,"column":1}},"10":{"start":{"line":10,"column":4},"end":{"line":12,"column":149}},"11":{"start":{"line":17,"column":0},"end":{"line":19,"column":40}},"12":{"start":{"line":19,"column":40},"end":{"line":22,"column":10}}},"fnMap":{"0":{"name":"_interopRequireDefault","decl":{"start":{"line":4,"column":119},"end":{"line":4,"column":141}},"loc":{"start":{"line":4,"column":147},"end":{"line":4,"column":203}},"line":4},"1":{"name":"(anonymous_1)","decl":{"start":{"line":9,"column":18},"end":{"line":9,"column":19}},"loc":{"start":{"line":9,"column":24},"end":{"line":15,"column":1}},"line":9}},"branchMap":{"0":{"loc":{"start":{"line":4,"column":155},"end":{"line":4,"column":201}},"type":"cond-expr","locations":[{"start":{"line":4,"column":179},"end":{"line":4,"column":182}},{"start":{"line":4,"column":185},"end":{"line":4,"column":201}}],"line":4},"1":{"loc":{"start":{"line":4,"column":155},"end":{"line":4,"column":176}},"type":"binary-expr","locations":[{"start":{"line":4,"column":155},"end":{"line":4,"column":158}},{"start":{"line":4,"column":162},"end":{"line":4,"column":176}}],"line":4}},"s":{"0":0,"1":0,"2":0,"3":0,"4":0,"5":0,"6":0,"7":0,"8":0,"9":0,"10":0,"11":0,"12":0},"f":{"0":0,"1":0},"b":{"0":[0,0],"1":[0,0]}}
,"/Users/Ify/Developer/ReactTests/Personal-Website/client/src/containers/navbar/navbar-list.js": {"path":"/Users/Ify/Developer/ReactTests/Personal-Website/client/src/containers/navbar/navbar-list.js","statementMap":{"0":{"start":{"line":1,"column":13},"end":{"line":1,"column":75}},"1":{"start":{"line":1,"column":100},"end":{"line":2,"column":47}}},"fnMap":{},"branchMap":{},"s":{"0":0,"1":0},"f":{},"b":{}}
,"/Users/Ify/Developer/ReactTests/Personal-Website/client/src/containers/navbar/navbar.actions.js": {"path":"/Users/Ify/Developer/ReactTests/Personal-Website/client/src/containers/navbar/navbar.actions.js","statementMap":{"0":{"start":{"line":1,"column":13},"end":{"line":1,"column":75}},"1":{"start":{"line":1,"column":101},"end":{"line":6,"column":1}},"2":{"start":{"line":2,"column":4},"end":{"line":4,"column":24}}},"fnMap":{"0":{"name":"(anonymous_0)","decl":{"start":{"line":1,"column":129},"end":{"line":1,"column":130}},"loc":{"start":{"line":1,"column":137},"end":{"line":6,"column":1}},"line":1}},"branchMap":{},"s":{"0":0,"1":0,"2":0},"f":{"0":0},"b":{}}
,"/Users/Ify/Developer/ReactTests/Personal-Website/client/src/containers/navbar/navbar.component.js": {"path":"/Users/Ify/Developer/ReactTests/Personal-Website/client/src/containers/navbar/navbar.component.js","statementMap":{"0":{"start":{"line":1,"column":13},"end":{"line":1,"column":75}},"1":{"start":{"line":1,"column":94},"end":{"line":1,"column":193}},"2":{"start":{"line":9,"column":13},"end":{"line":9,"column":29}},"3":{"start":{"line":9,"column":44},"end":{"line":9,"column":74}},"4":{"start":{"line":9,"column":90},"end":{"line":9,"column":126}},"5":{"start":{"line":9,"column":143},"end":{"line":9,"column":175}},"6":{"start":{"line":9,"column":193},"end":{"line":9,"column":230}},"7":{"start":{"line":9,"column":249},"end":{"line":9,"column":283}},"8":{"start":{"line":9,"column":304},"end":{"line":9,"column":343}},"9":{"start":{"line":9,"column":362},"end":{"line":9,"column":386}},"10":{"start":{"line":9,"column":400},"end":{"line":9,"column":422}},"11":{"start":{"line":9,"column":437},"end":{"line":9,"column":467}},"12":{"start":{"line":10,"column":18},"end":{"line":10,"column":40}},"13":{"start":{"line":11,"column":14},"end":{"line":11,"column":41}},"14":{"start":{"line":11,"column":80},"end":{"line":11,"column":134}},"15":{"start":{"line":15,"column":8},"end":{"line":15,"column":21}},"16":{"start":{"line":15,"column":21},"end":{"line":23,"column":10}},"17":{"start":{"line":23,"column":10},"end":{"line":26,"column":10}},"18":{"start":{"line":25,"column":12},"end":{"line":25,"column":93}},"19":{"start":{"line":26,"column":10},"end":{"line":26,"column":46}},"20":{"start":{"line":26,"column":46},"end":{"line":26,"column":91}},"21":{"start":{"line":29,"column":23},"end":{"line":35,"column":10}},"22":{"start":{"line":30,"column":12},"end":{"line":33,"column":99}},"23":{"start":{"line":36,"column":23},"end":{"line":38,"column":21}},"24":{"start":{"line":39,"column":28},"end":{"line":41,"column":25}},"25":{"start":{"line":43,"column":8},"end":{"line":48,"column":212}},"26":{"start":{"line":55,"column":0},"end":{"line":55,"column":32}},"27":{"start":{"line":57,"column":21},"end":{"line":63,"column":1}},"28":{"start":{"line":58,"column":4},"end":{"line":61,"column":57}},"29":{"start":{"line":63,"column":2},"end":{"line":65,"column":54}}},"fnMap":{"0":{"name":"_interopRequireDefault","decl":{"start":{"line":11,"column":51},"end":{"line":11,"column":73}},"loc":{"start":{"line":11,"column":79},"end":{"line":11,"column":135}},"line":11},"1":{"name":"(anonymous_1)","decl":{"start":{"line":14,"column":4},"end":{"line":14,"column":5}},"loc":{"start":{"line":14,"column":23},"end":{"line":26,"column":92}},"line":14},"2":{"name":"(anonymous_2)","decl":{"start":{"line":22,"column":28},"end":{"line":22,"column":29}},"loc":{"start":{"line":22,"column":34},"end":{"line":23,"column":9}},"line":22},"3":{"name":"(anonymous_3)","decl":{"start":{"line":24,"column":21},"end":{"line":24,"column":22}},"loc":{"start":{"line":24,"column":27},"end":{"line":26,"column":9}},"line":24},"4":{"name":"(anonymous_4)","decl":{"start":{"line":28,"column":4},"end":{"line":28,"column":5}},"loc":{"start":{"line":28,"column":13},"end":{"line":52,"column":5}},"line":28},"5":{"name":"(anonymous_5)","decl":{"start":{"line":29,"column":56},"end":{"line":29,"column":57}},"loc":{"start":{"line":29,"column":73},"end":{"line":35,"column":9}},"line":29},"6":{"name":"(anonymous_6)","decl":{"start":{"line":57,"column":21},"end":{"line":57,"column":22}},"loc":{"start":{"line":57,"column":30},"end":{"line":63,"column":1}},"line":57}},"branchMap":{"0":{"loc":{"start":{"line":11,"column":87},"end":{"line":11,"column":133}},"type":"cond-expr","locations":[{"start":{"line":11,"column":111},"end":{"line":11,"column":114}},{"start":{"line":11,"column":117},"end":{"line":11,"column":133}}],"line":11},"1":{"loc":{"start":{"line":11,"column":87},"end":{"line":11,"column":108}},"type":"binary-expr","locations":[{"start":{"line":11,"column":87},"end":{"line":11,"column":90}},{"start":{"line":11,"column":94},"end":{"line":11,"column":108}}],"line":11},"2":{"loc":{"start":{"line":36,"column":23},"end":{"line":38,"column":21}},"type":"cond-expr","locations":[{"start":{"line":37,"column":8},"end":{"line":37,"column":10}},{"start":{"line":38,"column":8},"end":{"line":38,"column":21}}],"line":36},"3":{"loc":{"start":{"line":39,"column":28},"end":{"line":41,"column":25}},"type":"cond-expr","locations":[{"start":{"line":40,"column":8},"end":{"line":40,"column":10}},{"start":{"line":41,"column":8},"end":{"line":41,"column":25}}],"line":39},"4":{"loc":{"start":{"line":45,"column":78},"end":{"line":45,"column":119}},"type":"cond-expr","locations":[{"start":{"line":45,"column":102},"end":{"line":45,"column":114}},{"start":{"line":45,"column":117},"end":{"line":45,"column":119}}],"line":45}},"s":{"0":0,"1":0,"2":0,"3":0,"4":0,"5":0,"6":0,"7":0,"8":0,"9":0,"10":0,"11":0,"12":0,"13":0,"14":0,"15":0,"16":0,"17":0,"18":0,"19":0,"20":0,"21":0,"22":0,"23":0,"24":0,"25":0,"26":0,"27":0,"28":0,"29":0},"f":{"0":0,"1":0,"2":0,"3":0,"4":0,"5":0,"6":0},"b":{"0":[0,0],"1":[0,0],"2":[0,0],"3":[0,0],"4":[0,0]}}
,"/Users/Ify/Developer/ReactTests/Personal-Website/client/src/containers/navbar/navbar.reducer.js": {"path":"/Users/Ify/Developer/ReactTests/Personal-Website/client/src/containers/navbar/navbar.reducer.js","statementMap":{"0":{"start":{"line":1,"column":20},"end":{"line":3,"column":3}},"1":{"start":{"line":6,"column":4},"end":{"line":13,"column":5}},"2":{"start":{"line":8,"column":8},"end":{"line":10,"column":11}},"3":{"start":{"line":12,"column":8},"end":{"line":12,"column":21}}},"fnMap":{"0":{"name":"(anonymous_0)","decl":{"start":{"line":5,"column":17},"end":{"line":5,"column":18}},"loc":{"start":{"line":5,"column":50},"end":{"line":14,"column":3}},"line":5}},"branchMap":{"0":{"loc":{"start":{"line":5,"column":18},"end":{"line":5,"column":37}},"type":"default-arg","locations":[{"start":{"line":5,"column":26},"end":{"line":5,"column":37}}],"line":5},"1":{"loc":{"start":{"line":6,"column":4},"end":{"line":13,"column":5}},"type":"switch","locations":[{"start":{"line":7,"column":6},"end":{"line":10,"column":11}},{"start":{"line":11,"column":6},"end":{"line":12,"column":21}}],"line":6}},"s":{"0":1,"1":3,"2":0,"3":3},"f":{"0":3},"b":{"0":[3],"1":[0,3]},"_coverageSchema":"332fd63041d2c1bcb487cc26dd0d5f7d97098a6c","hash":"eb1cd49ce37a3a4f9bf42945a279126fe5117f0b"}
[...]
8}},"type":"binary-expr","locations":[{"start":{"line":23,"column":33},"end":{"line":23,"column":47}},{"start":{"line":23,"column":51},"end":{"line":23,"column":69}},{"start":{"line":24,"column":4},"end":{"line":24,"column":38}}],"line":23},"3":{"loc":{"start":{"line":30,"column":34},"end":{"line":31,"column":40}},"type":"binary-expr","locations":[{"start":{"line":30,"column":34},"end":{"line":30,"column":48}},{"start":{"line":30,"column":52},"end":{"line":30,"column":70}},{"start":{"line":31,"column":6},"end":{"line":31,"column":40}}],"line":30},"4":{"loc":{"start":{"line":33,"column":6},"end":{"line":45,"column":7}},"type":"if","locations":[{"start":{"line":33,"column":6},"end":{"line":45,"column":7}},{"start":{"line":33,"column":6},"end":{"line":45,"column":7}}],"line":33},"5":{"loc":{"start":{"line":33,"column":10},"end":{"line":33,"column":76}},"type":"binary-expr","locations":[{"start":{"line":33,"column":10},"end":{"line":33,"column":56}},{"start":{"line":33,"column":60},"end":{"line":33,"column":76}}],"line":33},"6":{"loc":{"start":{"line":36,"column":13},"end":{"line":45,"column":7}},"type":"if","locations":[{"start":{"line":36,"column":13},"end":{"line":45,"column":7}},{"start":{"line":36,"column":13},"end":{"line":45,"column":7}}],"line":36},"7":{"loc":{"start":{"line":36,"column":17},"end":{"line":36,"column":82}},"type":"binary-expr","locations":[{"start":{"line":36,"column":17},"end":{"line":36,"column":63}},{"start":{"line":36,"column":67},"end":{"line":36,"column":82}}],"line":36},"8":{"loc":{"start":{"line":39,"column":13},"end":{"line":45,"column":7}},"type":"if","locations":[{"start":{"line":39,"column":13},"end":{"line":45,"column":7}},{"start":{"line":39,"column":13},"end":{"line":45,"column":7}}],"line":39},"9":{"loc":{"start":{"line":39,"column":17},"end":{"line":39,"column":81}},"type":"binary-expr","locations":[{"start":{"line":39,"column":17},"end":{"line":39,"column":57}},{"start":{"line":39,"column":61},"end":{"line":39,"column":81}}],"line":39},"10":{"loc":{"start":{"line":42,"column":13},"end":{"line":45,"column":7}},"type":"if","locations":[{"start":{"line":42,"column":13},"end":{"line":45,"column":7}},{"start":{"line":42,"column":13},"end":{"line":45,"column":7}}],"line":42},"11":{"loc":{"start":{"line":42,"column":17},"end":{"line":42,"column":80}},"type":"binary-expr","locations":[{"start":{"line":42,"column":17},"end":{"line":42,"column":57}},{"start":{"line":42,"column":61},"end":{"line":42,"column":80}}],"line":42}},"s":{"0":0,"1":0,"2":0,"3":0,"4":0,"5":0,"6":0,"7":0,"8":0,"9":0,"10":0,"11":0,"12":0,"13":0,"14":0,"15":0,"16":0,"17":0,"18":0,"19":0,"20":0,"21":0,"22":0,"23":0,"24":0,"25":0,"26":0,"27":0,"28":0,"29":0,"30":0,"31":0,"32":0,"33":0,"34":0,"35":0,"36":0,"37":0,"38":0,"39":0,"40":0,"41":0,"42":0},"f":{"0":0,"1":0,"2":0,"3":0,"4":0},"b":{"0":[0,0],"1":[0,0],"2":[0,0,0],"3":[0,0,0],"4":[0,0],"5":[0,0],"6":[0,0],"7":[0,0],"8":[0,0],"9":[0,0],"10":[0,0],"11":[0,0]}}
,"/Users/Ify/Developer/ReactTests/Personal-Website/client/src/entry-point/App.reducer.js": {"path":"/Users/Ify/Developer/ReactTests/Personal-Website/client/src/entry-point/App.reducer.js","statementMap":{"0":{"start":{"line":1,"column":21},"end":{"line":4,"column":1}},"1":{"start":{"line":7,"column":4},"end":{"line":18,"column":5}},"2":{"start":{"line":9,"column":12},"end":{"line":11,"column":15}},"3":{"start":{"line":13,"column":12},"end":{"line":15,"column":15}},"4":{"start":{"line":17,"column":12},"end":{"line":17,"column":24}}},"fnMap":{"0":{"name":"(anonymous_0)","decl":{"start":{"line":6,"column":15},"end":{"line":6,"column":16}},"loc":{"start":{"line":6,"column":49},"end":{"line":19,"column":1}},"line":6}},"branchMap":{"0":{"loc":{"start":{"line":6,"column":16},"end":{"line":6,"column":36}},"type":"default-arg","locations":[{"start":{"line":6,"column":24},"end":{"line":6,"column":36}}],"line":6},"1":{"loc":{"start":{"line":7,"column":4},"end":{"line":18,"column":5}},"type":"switch","locations":[{"start":{"line":8,"column":8},"end":{"line":11,"column":15}},{"start":{"line":12,"column":8},"end":{"line":15,"column":15}},{"start":{"line":16,"column":8},"end":{"line":17,"column":24}}],"line":7}},"s":{"0":1,"1":3,"2":0,"3":0,"4":3},"f":{"0":3},"b":{"0":[3],"1":[0,0,3]},"_coverageSchema":"332fd63041d2c1bcb487cc26dd0d5f7d97098a6c","hash":"c35a48a5298530481b166eb3ca6446d8ba95dd0d"}
,"/Users/Ify/Developer/ReactTests/Personal-Website/client/src/generics/form-elements/input.js": {"path":"/Users/Ify/Developer/ReactTests/Personal-Website/client/src/generics/form-elements/input.js","statementMap":{"0":{"start":{"line":6,"column":8},"end":{"line":6,"column":21}},"1":{"start":{"line":8,"column":8},"end":{"line":11,"column":10}},"2":{"start":{"line":13,"column":8},"end":{"line":13,"column":57}},"3":{"start":{"line":14,"column":8},"end":{"line":14,"column":63}},"4":{"start":{"line":15,"column":8},"end":{"line":15,"column":49}},"5":{"start":{"line":19,"column":8},"end":{"line":19,"column":53}},"6":{"start":{"line":23,"column":8},"end":{"line":23,"column":45}},"7":{"start":{"line":24,"column":8},"end":{"line":24,"column":38}},"8":{"start":{"line":25,"column":8},"end":{"line":25,"column":35}},"9":{"start":{"line":29,"column":8},"end":{"line":36,"column":9}},"10":{"start":{"line":30,"column":27},"end":{"line":30,"column":54}},"11":{"start":{"line":32,"column":12},"end":{"line":34,"column":14}},"12":{"start":{"line":40,"column":8},"end":{"line":45,"column":9}},"13":{"start":{"line":41,"column":26},"end":{"line":41,"column":44}},"14":{"start":{"line":42,"column":12},"end":{"line":44,"column":14}},"15":{"start":{"line":49,"column":38},"end":{"line":49,"column":48}},"16":{"start":{"line":51,"column":30},"end":{"line":55,"column":9}},"17":{"start":{"line":57,"column":28},"end":{"line":61,"column":9}},"18":{"start":{"line":65,"column":8},"end":{"line":101,"column":9}},"19":{"start":{"line":67,"column":16},"end":{"line":75,"column":26}},"20":{"start":{"line":67,"column":102},"end":{"line":67,"column":122}},"21":{"start":{"line":69,"column":24},"end":{"line":73,"column":34}},"22":{"start":{"line":76,"column":16},"end":{"line":76,"column":22}},"23":{"start":{"line":78,"column":16},"end":{"line":88,"column":28}},"24":{"start":{"line":86,"column":24},"end":{"line":86,"column":44}},"25":{"start":{"line":89,"column":16},"end":{"line":89,"column":22}},"26":{"start":{"line":91,"column":16},"end":{"line":100,"column":25}},"27":{"start":{"line":99,"column":24},"end":{"line":99,"column":44}},"28":{"start":{"line":103,"column":8},"end":{"line":117,"column":9}},"29":{"start":{"line":121,"column":0},"end":{"line":128,"column":2}}},"fnMap":{"0":{"name":"(anonymous_0)","decl":{"start":{"line":5,"column":4},"end":{"line":5,"column":5}},"loc":{"start":{"line":5,"column":23},"end":{"line":16,"column":5}},"line":5},"1":{"name":"(anonymous_1)","decl":{"start":{"line":18,"column":4},"end":{"line":18,"column":5}},"loc":{"start":{"line":18,"column":24},"end":{"line":20,"column":5}},"line":18},"2":{"name":"(anonymous_2)","decl":{"start":{"line":22,"column":4},"end":{"line":22,"column":5}},"loc":{"start":{"line":22,"column":20},"end":{"line":26,"column":5}},"line":22},"3":{"name":"(anonymous_3)","decl":{"start":{"line":28,"column":4},"end":{"line":28,"column":5}},"loc":{"start":{"line":28,"column":20},"end":{"line":37,"column":5}},"line":28},"4":{"name":"(anonymous_4)","decl":{"start":{"line":39,"column":4},"end":{"line":39,"column":5}},"loc":{"start":{"line":39,"column":27},"end":{"line":46,"column":5}},"line":39},"5":{"name":"(anonymous_5)","decl":{"start":{"line":48,"column":4},"end":{"line":48,"column":5}},"loc":{"start":{"line":48,"column":13},"end":{"line":118,"column":5}},"line":48},"6":{"name":"(anonymous_6)","decl":{"start":{"line":67,"column":93},"end":{"line":67,"column":94}},"loc":{"start":{"line":67,"column":100},"end":{"line":67,"column":124}},"line":67},"7":{"name":"(anonymous_7)","decl":{"start":{"line":68,"column":44},"end":{"line":68,"column":45}},"loc":{"start":{"line":68,"column":59},"end":{"line":74,"column":21}},"line":68},"8":{"name":"(anonymous_8)","decl":{"start":{"line":85,"column":30},"end":{"line":85,"column":31}},"loc":{"start":{"line":85,"column":37},"end":{"line":87,"column":21}},"line":85},"9":{"name":"(anonymous_9)","decl":{"start":{"line":98,"column":30},"end":{"line":98,"column":31}},"loc":{"start":{"line":98,"column":37},"end":{"line":100,"column":21}},"line":98}},"branchMap":{"0":{"loc":{"start":{"line":19,"column":29},"end":{"line":19,"column":51}},"type":"binary-expr","locations":[{"start":{"line":19,"column":29},"end":{"line":19,"column":45}},{"start":{"line":19,"column":49},"end":{"line":19,"column":51}}],"line":19},"1":{"loc":{"start":{"line":29,"column":8},"end":{"line":36,"column":9}},"type":"if","locations":[{"start":{"line":29,"column":8},"end":{"line":36,"column":9}},{"start":{"line":29,"column":8},"end":{"line":36,"column":9}}],"line":29},"2":{"loc":{"start":{"line":33,"column":35},"end":{"line":33,"column":75}},"type":"cond-expr","locations":[{"start":{"line":33,"column":54},"end":{"line":33,"column":56}},{"start":{"line":33,"column":59},"end":{"line":33,"column":75}}],"line":33},"3":{"loc":{"start":{"line":40,"column":8},"end":{"line":45,"column":9}},"type":"if","locations":[{"start":{"line":40,"column":8},"end":{"line":45,"column":9}},{"start":{"line":40,"column":8},"end":{"line":45,"column":9}}],"line":40},"4":{"loc":{"start":{"line":43,"column":35},"end":{"line":43,"column":62}},"type":"cond-expr","locations":[{"start":{"line":43,"column":45},"end":{"line":43,"column":57}},{"start":{"line":43,"column":60},"end":{"line":43,"column":62}}],"line":43},"5":{"loc":{"start":{"line":52,"column":23},"end":{"line":54,"column":24}},"type":"cond-expr","locations":[{"start":{"line":53,"column":18},"end":{"line":53,"column":25}},{"start":{"line":54,"column":18},"end":{"line":54,"column":24}}],"line":52},"6":{"loc":{"start":{"line":58,"column":23},"end":{"line":60,"column":24}},"type":"cond-expr","locations":[{"start":{"line":59,"column":18},"end":{"line":59,"column":27}},{"start":{"line":60,"column":18},"end":{"line":60,"column":24}}],"line":58},"7":{"loc":{"start":{"line":65,"column":8},"end":{"line":101,"column":9}},"type":"switch","locations":[{"start":{"line":66,"column":12},"end":{"line":76,"column":22}},{"start":{"line":77,"column":12},"end":{"line":89,"column":22}},{"start":{"line":90,"column":12},"end":{"line":100,"column":25}}],"line":65}},"s":{"0":6,"1":6,"2":6,"3":6,"4":6,"5":6,"6":0,"7":0,"8":0,"9":0,"10":0,"11":0,"12":6,"13":6,"14":6,"15":12,"16":12,"17":12,"18":12,"19":0,"20":0,"21":0,"22":0,"23":4,"24":0,"25":4,"26":8,"27":0,"28":12,"29":1},"f":{"0":6,"1":6,"2":0,"3":0,"4":6,"5":12,"6":0,"7":0,"8":0,"9":0},"b":{"0":[6,6],"1":[0,0],"2":[0,0],"3":[6,0],"4":[6,0],"5":[0,12],"6":[6,6],"7":[0,4,8]},"_coverageSchema":"332fd63041d2c1bcb487cc26dd0d5f7d97098a6c","hash":"04280cf9640949f8e204e86b59a8671636591fc9"}
,"/Users/Ify/Developer/ReactTests/Personal-Website/client/src/services/email-service.js": {"path":"/Users/Ify/Developer/ReactTests/Personal-Website/client/src/services/email-service.js","statementMap":{"0":{"start":{"line":2,"column":10},"end":{"line":2,"column":28}},"1":{"start":{"line":3,"column":0},"end":{"line":3,"column":32}},"2":{"start":{"line":4,"column":0},"end":{"line":4,"column":61}},"3":{"start":{"line":5,"column":0},"end":{"line":5,"column":65}},"4":{"start":{"line":7,"column":10},"end":{"line":7,"column":23}},"5":{"start":{"line":9,"column":15},"end":{"line":30,"column":1}},"6":{"start":{"line":10,"column":4},"end":{"line":29,"column":5}},"7":{"start":{"line":32,"column":24},"end":{"line":40,"column":1}},"8":{"start":{"line":33,"column":4},"end":{"line":39,"column":6}},"9":{"start":{"line":34,"column":8},"end":{"line":38,"column":10}},"10":{"start":{"line":35,"column":12},"end":{"line":37,"column":29}}},"fnMap":{"0":{"name":"(anonymous_0)","decl":{"start":{"line":9,"column":15},"end":{"line":9,"column":16}},"loc":{"start":{"line":9,"column":26},"end":{"line":30,"column":1}},"line":9},"1":{"name":"(anonymous_1)","decl":{"start":{"line":32,"column":24},"end":{"line":32,"column":25}},"loc":{"start":{"line":32,"column":35},"end":{"line":40,"column":1}},"line":32},"2":{"name":"(anonymous_2)","decl":{"start":{"line":33,"column":23},"end":{"line":33,"column":24}},"loc":{"start":{"line":33,"column":44},"end":{"line":39,"column":5}},"line":33},"3":{"name":"(anonymous_3)","decl":{"start":{"line":34,"column":37},"end":{"line":34,"column":38}},"loc":{"start":{"line":34,"column":58},"end":{"line":38,"column":9}},"line":34}},"branchMap":{"0":{"loc":{"start":{"line":35,"column":12},"end":{"line":37,"column":29}},"type":"cond-expr","locations":[{"start":{"line":36,"column":18},"end":{"line":36,"column":46}},{"start":{"line":37,"column":18},"end":{"line":37,"column":29}}],"line":35}},"s":{"0":1,"1":1,"2":1,"3":1,"4":1,"5":1,"6":0,"7":1,"8":0,"9":0,"10":0},"f":{"0":0,"1":0,"2":0,"3":0},"b":{"0":[0,0]},"_coverageSchema":"332fd63041d2c1bcb487cc26dd0d5f7d97098a6c","hash":"27289706494ae387c13d86cceaeb1b8e71e87334"}
,"/Users/Ify/Developer/ReactTests/Personal-Website/client/src/utilities/convertVhtoPx.js": {"path":"/Users/Ify/Developer/ReactTests/Personal-Website/client/src/utilities/convertVhtoPx.js","statementMap":{"0":{"start":{"line":1,"column":13},"end":{"line":10,"column":2}},"1":{"start":{"line":2,"column":12},"end":{"line":2,"column":18}},"2":{"start":{"line":3,"column":8},"end":{"line":3,"column":16}},"3":{"start":{"line":4,"column":8},"end":{"line":4,"column":25}},"4":{"start":{"line":5,"column":8},"end":{"line":5,"column":41}},"5":{"start":{"line":6,"column":8},"end":{"line":6,"column":57}},"6":{"start":{"line":8,"column":17},"end":{"line":8,"column":32}},"7":{"start":{"line":9,"column":4},"end":{"line":9,"column":18}}},"fnMap":{"0":{"name":"(anonymous_0)","decl":{"start":{"line":1,"column":30},"end":{"line":1,"column":31}},"loc":{"start":{"line":1,"column":39},"end":{"line":10,"column":1}},"line":1}},"branchMap":{"0":{"loc":{"start":{"line":6,"column":8},"end":{"line":6,"column":57}},"type":"binary-expr","locations":[{"start":{"line":6,"column":8},"end":{"line":6,"column":21}},{"start":{"line":6,"column":25},"end":{"line":6,"column":39}},{"start":{"line":6,"column":43},"end":{"line":6,"column":57}}],"line":6}},"s":{"0":0,"1":0,"2":0,"3":0,"4":0,"5":0,"6":0,"7":0},"f":{"0":0},"b":{"0":[0,0,0]}}
,"/Users/Ify/Developer/ReactTests/Personal-Website/client/src/utilities/isInViewport.js": {"path":"/Users/Ify/Developer/ReactTests/Personal-Website/client/src/utilities/isInViewport.js","statementMap":{"0":{"start":{"line":1,"column":13},"end":{"line":1,"column":75}},"1":{"start":{"line":1,"column":96},"end":{"line":9,"column":1}},"2":{"start":{"line":2,"column":19},"end":{"line":2,"column":50}},"3":{"start":{"line":3,"column":4},"end":{"line":7,"column":87}}},"fnMap":{"0":{"name":"(anonymous_0)","decl":{"start":{"line":1,"column":119},"end":{"line":1,"column":120}},"loc":{"start":{"line":1,"column":130},"end":{"line":9,"column":1}},"line":1}},"branchMap":{"0":{"loc":{"start":{"line":4,"column":8},"end":{"line":7,"column":85}},"type":"binary-expr","locations":[{"start":{"line":4,"column":8},"end":{"line":4,"column":25}},{"start":{"line":5,"column":8},"end":{"line":5,"column":26}},{"start":{"line":6,"column":8},"end":{"line":6,"column":88}},{"start":{"line":7,"column":8},"end":{"line":7,"column":85}}],"line":4},"1":{"loc":{"start":{"line":6,"column":28},"end":{"line":6,"column":87}},"type":"binary-expr","locations":[{"start":{"line":6,"column":28},"end":{"line":6,"column":46}},{"start":{"line":6,"column":50},"end":{"line":6,"column":87}}],"line":6},"2":{"loc":{"start":{"line":7,"column":27},"end":{"line":7,"column":84}},"type":"binary-expr","locations":[{"start":{"line":7,"column":27},"end":{"line":7,"column":44}},{"start":{"line":7,"column":48},"end":{"line":7,"column":84}}],"line":7}},"s":{"0":0,"1":0,"2":0,"3":0},"f":{"0":0},"b":{"0":[0,0,0,0],"1":[0,0],"2":[0,0]}}
,"/Users/Ify/Developer/ReactTests/Personal-Website/client/src/utilities/magicValues.js": {"path":"/Users/Ify/Developer/ReactTests/Personal-Website/client/src/utilities/magicValues.js","statementMap":{"0":{"start":{"line":1,"column":34},"end":{"line":1,"column":36}},"1":{"start":{"line":2,"column":31},"end":{"line":2,"column":35}}},"fnMap":{},"branchMap":{},"s":{"0":1,"1":1},"f":{},"b":{},"_coverageSchema":"332fd63041d2c1bcb487cc26dd0d5f7d97098a6c","hash":"3abedb3adbb1ae50ea2c56fb82c0d0a419697f89"}
,"/Users/Ify/Developer/ReactTests/Personal-Website/client/src/utilities/validators.js": {"path":"/Users/Ify/Developer/ReactTests/Personal-Website/client/src/utilities/validators.js","statementMap":{"0":{"start":{"line":1,"column":28},"end":{"line":9,"column":3}},"1":{"start":{"line":2,"column":13},"end":{"line":2,"column":166}},"2":{"start":{"line":4,"column":4},"end":{"line":8,"column":6}},"3":{"start":{"line":11,"column":29},"end":{"line":17,"column":3}},"4":{"start":{"line":12,"column":4},"end":{"line":16,"column":6}},"5":{"start":{"line":18,"column":32},"end":{"line":24,"column":3}},"6":{"start":{"line":19,"column":4},"end":{"line":23,"column":6}},"7":{"start":{"line":26,"column":27},"end":{"line":36,"column":3}},"8":{"start":{"line":27,"column":15},"end":{"line":27,"column":33}},"9":{"start":{"line":28,"column":14},"end":{"line":28,"column":16}},"10":{"start":{"line":29,"column":4},"end":{"line":34,"column":5}},"11":{"start":{"line":30,"column":6},"end":{"line":30,"column":20}},"12":{"start":{"line":31,"column":6},"end":{"line":33,"column":7}},"13":{"start":{"line":32,"column":8},"end":{"line":32,"column":21}},"14":{"start":{"line":35,"column":4},"end":{"line":35,"column":15}}},"fnMap":{"0":{"name":"(anonymous_0)","decl":{"start":{"line":1,"column":28},"end":{"line":1,"column":29}},"loc":{"start":{"line":1,"column":44},"end":{"line":9,"column":3}},"line":1},"1":{"name":"(anonymous_1)","decl":{"start":{"line":11,"column":29},"end":{"line":11,"column":30}},"loc":{"start":{"line":11,"column":39},"end":{"line":17,"column":3}},"line":11},"2":{"name":"(anonymous_2)","decl":{"start":{"line":18,"column":32},"end":{"line":18,"column":33}},"loc":{"start":{"line":18,"column":42},"end":{"line":24,"column":3}},"line":18},"3":{"name":"(anonymous_3)","decl":{"start":{"line":26,"column":27},"end":{"line":26,"column":28}},"loc":{"start":{"line":26,"column":46},"end":{"line":36,"column":3}},"line":26}},"branchMap":{"0":{"loc":{"start":{"line":6,"column":15},"end":{"line":6,"column":80}},"type":"cond-expr","locations":[{"start":{"line":6,"column":59},"end":{"line":6,"column":66}},{"start":{"line":6,"column":69},"end":{"line":6,"column":80}}],"line":6},"1":{"loc":{"start":{"line":14,"column":15},"end":{"line":14,"column":55}},"type":"cond-expr","locations":[{"start":{"line":14,"column":34},"end":{"line":14,"column":41}},{"start":{"line":14,"column":44},"end":{"line":14,"column":55}}],"line":14},"2":{"loc":{"start":{"line":21,"column":15},"end":{"line":21,"column":55}},"type":"cond-expr","locations":[{"start":{"line":21,"column":34},"end":{"line":21,"column":41}},{"start":{"line":21,"column":44},"end":{"line":21,"column":55}}],"line":21},"3":{"loc":{"start":{"line":31,"column":6},"end":{"line":33,"column":7}},"type":"if","locations":[{"start":{"line":31,"column":6},"end":{"line":33,"column":7}},{"start":{"line":31,"column":6},"end":{"line":33,"column":7}}],"line":31},"4":{"loc":{"start":{"line":31,"column":10},"end":{"line":31,"column":95}},"type":"binary-expr","locations":[{"start":{"line":31,"column":11},"end":{"line":31,"column":23}},{"start":{"line":31,"column":27},"end":{"line":31,"column":48}},{"start":{"line":31,"column":53},"end":{"line":31,"column":95}}],"line":31}},"s":{"0":1,"1":0,"2":0,"3":1,"4":0,"5":1,"6":0,"7":1,"8":0,"9":0,"10":0,"11":0,"12":0,"13":0,"14":0},"f":{"0":0,"1":0,"2":0,"3":0},"b":{"0":[0,0],"1":[0,0],"2":[0,0],"3":[0,0],"4":[0,0,0]},"_coverageSchema":"332fd63041d2c1bcb487cc26dd0d5f7d97098a6c","hash":"a4cbcdcbfe0d61c68066fc92fb218fcd4be73c1d"}
}
